[2016/1/14 - 15:48:58] Michael Sinclair has changed BusinessID 0's Exterior to X:-215.178359 Y:1341.453735 Z:19.931238
[2016/1/14 - 15:49:7] Michael Sinclair has changed BusinessID 0's Type to Gas Station (1).
[2016/1/14 - 15:49:9] Michael Sinclair has changed BusinessID 0's Type to Clothing Store (2).
[2016/1/14 - 15:50:45] Michael Sinclair has changed BusinessID 0's Interior to X:207.955535 Y:-110.227851 Z:1005.132995
[2016/1/14 - 15:52:47] Michael Sinclair has changed BusinessID 0's Exterior to X:-216.187438 Y:1342.063110 Z:19.931238
[2016/1/15 - 22:6:26] Richardo has changed BusinessID 1's Exterior to X:-313.461669 Y:1146.885864 Z:15.032837
[2016/1/19 - 13:43:36] Jeffrey Smith has changed BusinessID 1's Exterior to X:2123.444824 Y:-1854.853759 Z:4.894207
[2016/1/19 - 13:43:40] Jeffrey Smith has changed BusinessID 1's Type to Mechanic (7).
[2016/1/19 - 13:43:42] Jeffrey Smith has changed BusinessID 1's Type to 24/7 (8).
[2016/1/19 - 13:45:6] Jeffrey Smith has changed BusinessID 1's Interior to X:-26.024063 Y:-187.582122 Z:1003.546997
[2016/1/19 - 13:45:14] Jeffrey Smith has changed BusinessID 1's Exterior to X:2124.473388 Y:-1854.866699 Z:4.894207
[2016/1/19 - 13:45:48] Jeffrey Smith has edited business ID 1's name to 24/7.
[2016/1/19 - 13:58:24] Jeffrey Smith has changed BusinessID 2's Exterior to X:-488.887176 Y:813.066528 Z:5.211290
[2016/1/19 - 13:58:29] Jeffrey Smith has edited business ID 2's name to kjhgdflkh.
[2016/1/19 - 13:59:2] Jeffrey Smith has changed BusinessID 2's Interior to X:377.114379 Y:-192.328704 Z:1000.632995
[2016/1/19 - 13:59:22] Jeffrey Smith has changed BusinessID 2's Type to Used Car Dealership (6).
[2016/1/19 - 13:59:23] Jeffrey Smith has changed BusinessID 2's Type to Clothing Store (2).
[2016/1/19 - 13:59:24] Jeffrey Smith has changed BusinessID 2's Type to Gas Station (1).
[2016/1/19 - 13:59:25] Jeffrey Smith has changed BusinessID 2's Type to Restaurant (3).
[2016/1/19 - 13:59:41] Jeffrey Smith has edited business ID 2's name to Burger shot.
[2016/1/19 - 13:59:46] Jeffrey Smith has changed BusinessID 2's Exterior to X:-488.683013 Y:813.405578 Z:5.211290
[2016/1/20 - 2:34:11] Adam Crews has deleted BusinessID 2.
[2016/1/20 - 2:34:32] Jeffrey Smith has changed BusinessID 2's Exterior to X:-488.600738 Y:813.121582 Z:5.211290
[2016/1/20 - 2:34:40] Jeffrey Smith has changed BusinessID 2's Type to Clothing Store (2).
[2016/1/20 - 2:34:42] Jeffrey Smith has changed BusinessID 2's Type to Gas Station (1).
[2016/1/20 - 2:34:44] Jeffrey Smith has changed BusinessID 2's Type to Restaurant (3).
[2016/1/20 - 2:36:49] Jeffrey Smith has changed BusinessID 2's Interior to X:363.206481 Y:-74.594436 Z:1001.507812
[2016/1/26 - 23:46:56] Tommy Andrade has changed BusinessID 0's Exterior to X:1323.585937 Y:251.106506 Z:5.536475
[2016/1/26 - 23:48:13] Tommy Andrade has changed BusinessID 0's Interior to X:1318.547119 Y:251.150238 Z:997.178649
[2016/1/26 - 23:49:14] Tommy Andrade has changed BusinessID 0's Interior to X:315.890228 Y:-143.542236 Z:999.601562
[2016/1/26 - 23:49:34] Tommy Andrade has changed BusinessID 0's Type to Gas Station (1).
[2016/1/26 - 23:49:36] Tommy Andrade has changed BusinessID 0's Type to Clothing Store (2).
[2016/1/26 - 23:49:37] Tommy Andrade has changed BusinessID 0's Type to Restaurant (3).
[2016/1/26 - 23:49:38] Tommy Andrade has changed BusinessID 0's Type to Gun Shop (4).
[2016/1/26 - 23:49:39] Tommy Andrade has changed BusinessID 0's Type to New Car Dealership (5).
[2016/1/26 - 23:49:40] Tommy Andrade has changed BusinessID 0's Type to Gun Shop (4).
[2016/1/26 - 23:50:56] Tommy Andrade has edited business ID 0's name to Jones Toy Store.
[2016/1/26 - 23:53:27] Tommy Andrade has deleted BusinessID 0.
[2016/1/26 - 23:53:38] Tommy Andrade has changed BusinessID 1's Exterior to X:1323.552490 Y:250.717819 Z:5.536475
[2016/1/26 - 23:54:13] Tommy Andrade has edited business ID 1's name to Jones Toy Shop.
[2016/1/26 - 23:54:40] Tommy Andrade has changed BusinessID 1's Type to Gun Shop (4).
[2016/1/26 - 23:55:7] Tommy Andrade has deleted BusinessID 1.
[2016/1/26 - 23:55:14] Tommy Andrade has changed BusinessID 5's Exterior to X:1323.489379 Y:250.416854 Z:5.536475
[2016/1/26 - 23:57:44] Tommy Andrade has edited business ID 5's name to Jones Toy Store.
[2016/1/27 - 0:0:5] Tommy Andrade has changed BusinessID 5's Type to Restaurant (3).
[2016/1/27 - 0:0:6] Tommy Andrade has changed BusinessID 5's Type to Gun Shop (4).
[2016/1/27 - 0:1:40] Tommy Andrade has changed BusinessID 5's Interior to X:285.689300 Y:-86.783935 Z:1001.522705
[2016/2/17 - 14:57:10] Tommy Andrade has changed BusinessID 0's Exterior to X:-504.999389 Y:1512.013427 Z:4.854986
[2016/2/17 - 14:57:47] Tommy Andrade has changed BusinessID 0's Type to Gas Station (1).
[2016/2/17 - 14:57:49] Tommy Andrade has changed BusinessID 0's Type to Clothing Store (2).
[2016/2/17 - 14:57:49] Tommy Andrade has changed BusinessID 0's Type to Restaurant (3).
[2016/2/17 - 14:57:50] Tommy Andrade has changed BusinessID 0's Type to Gun Shop (4).
[2016/2/17 - 14:58:18] Tommy Andrade has changed BusinessID 0's Exterior to X:-505.505310 Y:1512.177856 Z:-10.203203
[2016/2/17 - 14:58:31] Tommy Andrade has changed BusinessID 1's Exterior to X:-504.572418 Y:1511.983642 Z:4.904095
[2016/2/17 - 14:58:43] Tommy Andrade has changed BusinessID 1's Type to Gas Station (1).
[2016/2/17 - 14:58:44] Tommy Andrade has changed BusinessID 1's Type to Clothing Store (2).
[2016/2/17 - 14:58:45] Tommy Andrade has changed BusinessID 1's Type to Restaurant (3).
[2016/2/17 - 14:58:46] Tommy Andrade has changed BusinessID 1's Type to Gun Shop (4).
[2016/2/17 - 14:59:32] Tommy Andrade has changed BusinessID 1's Interior to X:285.359344 Y:-41.772323 Z:1001.515808
[2016/2/17 - 15:1:41] Tommy Andrade has edited business ID 1's name to The Bowlers Fist.
[2016/2/18 - 6:49:8] Jeffrey Smith has changed BusinessID 2's Exterior to X:2123.930419 Y:-1855.097045 Z:4.894207
[2016/2/18 - 6:49:37] Jeffrey Smith has edited business ID 2's name to 69 cents store.
[2016/2/18 - 6:49:43] Jeffrey Smith has changed BusinessID 2's Type to Mechanic (7).
[2016/2/18 - 6:49:45] Jeffrey Smith has changed BusinessID 2's Type to 24/7 (8).
[2016/2/18 - 6:51:51] Jeffrey Smith has changed BusinessID 2's Interior to X:807.538269 Y:-1367.502441 Z:1889.580932
[2016/2/21 - 14:53:54] Tommy Andrade has changed BusinessID 3's Exterior to X:977.588562 Y:-1378.843750 Z:5.400868
[2016/2/21 - 14:54:19] Tommy Andrade has changed BusinessID 3's Interior to X:207.935867 Y:-111.264419 Z:1005.132995
[2016/2/21 - 14:54:32] Tommy Andrade has changed BusinessID 3's Type to Undefined (0).
[2016/2/21 - 14:54:35] Tommy Andrade has changed BusinessID 3's Type to Gas Station (1).
[2016/2/21 - 14:54:36] Tommy Andrade has changed BusinessID 3's Type to Clothing Store (2).
[2016/2/21 - 14:54:37] Tommy Andrade has changed BusinessID 3's Type to Gas Station (1).
[2016/2/21 - 14:54:39] Tommy Andrade has changed BusinessID 3's Type to Restaurant (3).
[2016/2/21 - 14:54:41] Tommy Andrade has changed BusinessID 3's Type to Clothing Store (2).
[2016/2/21 - 19:51:13] Tommy Andrade has changed BusinessID 1's Exterior to X:2037.781616 Y:-2020.891357 Z:4.923920
[2016/2/21 - 19:51:23] Tommy Andrade has changed BusinessID 1's Type to Clothing Store (2).
[2016/2/21 - 19:51:25] Tommy Andrade has changed BusinessID 1's Type to Restaurant (3).
[2016/2/21 - 19:51:26] Tommy Andrade has changed BusinessID 1's Type to Gun Shop (4).
[2016/2/21 - 19:51:27] Tommy Andrade has changed BusinessID 1's Type to New Car Dealership (5).
[2016/2/21 - 19:51:28] Tommy Andrade has changed BusinessID 1's Type to Used Car Dealership (6).
[2016/2/21 - 19:51:29] Tommy Andrade has changed BusinessID 1's Type to Mechanic (7).
[2016/2/21 - 19:51:31] Tommy Andrade has changed BusinessID 1's Type to 24/7 (8).
[2016/2/21 - 19:51:48] Tommy Andrade has changed BusinessID 2's Interior to X:-27.555253 Y:-57.909980 Z:1003.546630
[2016/2/21 - 19:51:55] Tommy Andrade has changed BusinessID 1's Interior to X:-26.909063 Y:-58.264743 Z:1003.546630
[2016/2/21 - 19:51:57] Tommy Andrade has changed BusinessID 1's Interior to X:-27.317691 Y:-58.156177 Z:1003.546630
[2016/2/21 - 19:51:59] Tommy Andrade has changed BusinessID 1's Interior to X:-27.281801 Y:-57.935741 Z:1003.546630
[2016/2/21 - 19:52:16] Tommy Andrade has changed BusinessID 1's inventory to 50000.
[2016/2/21 - 19:52:37] Tommy Andrade has changed BusinessID 1's inventory to 500000.
[2016/2/21 - 19:52:40] Tommy Andrade has changed BusinessID 1's inventory to 5000000.
[2016/2/21 - 21:45:50] Tommy Andrade has changed BusinessID 1's Exterior to X:-504.947937 Y:1512.020507 Z:4.860904
[2016/2/21 - 21:46:12] Tommy Andrade has changed BusinessID 1's Type to Clothing Store (2).
[2016/2/21 - 21:46:14] Tommy Andrade has changed BusinessID 1's Type to Restaurant (3).
[2016/2/21 - 21:46:16] Tommy Andrade has changed BusinessID 1's Type to Gun Shop (4).
[2016/2/21 - 21:46:25] Tommy Andrade has changed BusinessID 1's Exterior to X:-504.759338 Y:1512.060546 Z:4.882596
[2016/2/21 - 21:47:48] Tommy Andrade has changed BusinessID 1's Interior to X:285.583587 Y:-41.112438 Z:1001.515808
[2016/2/22 - 7:16:1] Tommy Andrade has edited business ID 1's name to The Brawler's Fist.
[2016/2/22 - 7:24:1] Tommy Andrade has changed BusinessID 1's inventory to 0.
[2016/2/22 - 7:24:29] Tommy Andrade has changed BusinessID 1's inventory to 50.
[2016/2/22 - 7:24:52] Tommy Andrade has changed BusinessID 1's inventory to 0.
[2016/2/22 - 7:25:2] Tommy Andrade has changed BusinessID 1's inventory to 50.
[2016/2/22 - 18:27:17] Tommy Andrade has changed BusinessID 2's Interior to X:372.262786 Y:-133.522186 Z:1001.491821
[2016/2/22 - 18:27:43] Tommy Andrade has changed BusinessID 2's Exterior to X:940.157043 Y:-866.225769 Z:5.943270
[2016/2/22 - 18:27:50] Tommy Andrade has changed BusinessID 2's Type to Gas Station (1).
[2016/2/22 - 18:27:52] Tommy Andrade has changed BusinessID 2's Type to Restaurant (3).
[2016/2/22 - 18:28:24] Tommy Andrade has edited business ID 2's name to Little Hati Pizza Stack.
[2016/2/22 - 18:28:57] Tommy Andrade has changed BusinessID 2's inventory to 500000.
[2016/2/22 - 18:29:6] Tommy Andrade has changed BusinessID 2's inventory to 5000000.
[2016/2/22 - 19:41:4] Tommy Andrade has changed BusinessID 3's Interior to X:-42.858421 Y:1334.303466 Z:1375.583984
[2016/2/22 - 19:41:42] Tommy Andrade has changed BusinessID 3's Exterior to X:-30.815883 Y:1347.150024 Z:54.531375
[2016/2/22 - 19:42:5] Tommy Andrade has edited business ID 3's name to Mark's Bistro[Owner: Benjamin Costa].
[2016/2/22 - 19:45:51] Tommy Andrade has changed BusinessID 3's inventory to 500000.
[2016/2/22 - 19:46:0] Tommy Andrade has changed BusinessID 3's inventory to 5000000.
[2016/2/22 - 19:48:46] Tommy Andrade has changed BusinessID 0's Exterior to X:-77.478691 Y:1190.753662 Z:12.419637
[2016/2/22 - 19:49:7] Tommy Andrade has changed BusinessID 0's Interior to X:807.174987 Y:-1367.917358 Z:1889.580932
[2016/2/22 - 19:49:15] Tommy Andrade has edited BusinessID 0's CustomInterior.
[2016/2/22 - 19:50:21] Tommy Andrade has edited business ID 0's name to SupaSave.
[2016/2/22 - 19:50:36] Tommy Andrade has changed BusinessID 0's inventory to 5000000.
[2016/2/22 - 19:52:46] Tommy Andrade has changed BusinessID 0's Type to Clothing Store (2).
[2016/2/22 - 19:52:47] Tommy Andrade has changed BusinessID 0's Type to Gun Shop (4).
[2016/2/22 - 19:52:51] Tommy Andrade has changed BusinessID 0's Type to Clothing Store (2).
[2016/2/22 - 19:52:52] Tommy Andrade has changed BusinessID 0's Type to New Car Dealership (5).
[2016/2/22 - 19:52:53] Tommy Andrade has changed BusinessID 0's Type to Used Car Dealership (6).
[2016/2/22 - 19:52:54] Tommy Andrade has changed BusinessID 0's Type to Mechanic (7).
[2016/2/22 - 19:52:56] Tommy Andrade has changed BusinessID 0's Type to 24/7 (8).
[2016/2/22 - 20:16:24] Tommy Andrade has changed BusinessID 3's Type to Gun Shop (4).
[2016/2/22 - 20:16:25] Tommy Andrade has changed BusinessID 3's Type to Gas Station (1).
[2016/2/22 - 20:16:27] Tommy Andrade has changed BusinessID 3's Type to Clothing Store (2).
[2016/2/22 - 20:16:28] Tommy Andrade has changed BusinessID 3's Type to Restaurant (3).
[2016/2/22 - 20:16:45] Tommy Andrade has changed BusinessID 4's Interior to X:-25.719999 Y:-187.820007 Z:1003.546997
[2016/2/22 - 20:16:55] Tommy Andrade has changed BusinessID 4's Exterior to X:-192.795104 Y:1702.559204 Z:7.606131
[2016/2/22 - 20:17:5] Tommy Andrade has changed BusinessID 4's Type to Restaurant (3).
[2016/2/22 - 20:17:6] Tommy Andrade has changed BusinessID 4's Type to Clothing Store (2).
[2016/2/22 - 20:17:7] Tommy Andrade has changed BusinessID 4's Type to Gas Station (1).
[2016/2/22 - 20:17:46] Tommy Andrade has changed BusinessID 4's inventory to 5000000.
[2016/2/22 - 20:18:42] Tommy Andrade has changed BusinessID 5's Exterior to X:-215.415924 Y:1342.257812 Z:19.931238
[2016/2/22 - 20:19:8] Tommy Andrade has changed BusinessID 5's Interior to X:207.510726 Y:-111.249992 Z:1005.132995
[2016/2/22 - 20:19:18] Tommy Andrade has changed BusinessID 5's Type to Clothing Store (2).
[2016/2/22 - 20:19:29] Tommy Andrade has changed BusinessID 5's Exterior to X:-214.788803 Y:1341.922729 Z:19.931238
[2016/2/22 - 20:19:40] Tommy Andrade has changed BusinessID 5's inventory to 5000000.
[2016/2/22 - 20:21:32] Tommy Andrade has changed BusinessID 6's Exterior to X:2413.945800 Y:91.493392 Z:1213.648315
[2016/2/22 - 20:21:54] Tommy Andrade has changed BusinessID 6's Interior to X:161.547805 Y:-97.104614 Z:1001.804809
[2016/2/22 - 20:25:43] Tommy Andrade has changed BusinessID 6's Interior to X:315.880004 Y:-143.664489 Z:999.601562
[2016/2/22 - 20:25:52] Tommy Andrade has changed BusinessID 6's Exterior to X:-999.351074 Y:1089.671508 Z:26.125938
[2016/2/22 - 20:26:9] Tommy Andrade has changed BusinessID 6's Type to New Car Dealership (5).
[2016/2/22 - 20:26:10] Tommy Andrade has changed BusinessID 6's Type to Mechanic (7).
[2016/2/22 - 20:26:12] Tommy Andrade has changed BusinessID 6's Type to Clothing Store (2).
[2016/2/22 - 20:26:12] Tommy Andrade has changed BusinessID 6's Type to Restaurant (3).
[2016/2/22 - 20:26:13] Tommy Andrade has changed BusinessID 6's Type to Gun Shop (4).
[2016/2/22 - 20:26:32] Tommy Andrade has changed BusinessID 6's inventory to 5000000.
[2016/2/22 - 20:28:17] Tommy Andrade has changed BusinessID 7's Exterior to X:1323.435424 Y:250.885314 Z:5.536475
[2016/2/22 - 20:28:32] Tommy Andrade has changed BusinessID 7's Type to Restaurant (3).
[2016/2/22 - 20:28:34] Tommy Andrade has changed BusinessID 7's Type to Clothing Store (2).
[2016/2/22 - 20:28:35] Tommy Andrade has changed BusinessID 7's Type to Gun Shop (4).
[2016/2/22 - 20:28:45] Tommy Andrade has changed BusinessID 7's inventory to 5000000.
[2016/2/22 - 20:29:19] Tommy Andrade has changed BusinessID 7's Interior to X:1318.109497 Y:251.353927 Z:997.178527
[2016/2/22 - 20:30:43] Tommy Andrade has changed BusinessID 8's Interior to X:807.538269 Y:-1367.502441 Z:1889.580932
[2016/2/22 - 20:30:56] Tommy Andrade has changed BusinessID 8's Interior to X:807.538269 Y:-1367.502441 Z:1889.580932
[2016/2/22 - 20:31:14] Tommy Andrade has edited BusinessID 8's CustomInterior.
[2016/2/22 - 20:31:21] Tommy Andrade has changed BusinessID 8's Exterior to X:1147.609497 Y:-1035.848632 Z:5.566642
[2016/2/22 - 20:31:26] Tommy Andrade has deleted BusinessID 32.
[2016/2/22 - 20:31:47] Tommy Andrade has changed BusinessID 8's Type to Clothing Store (2).
[2016/2/22 - 20:31:49] Tommy Andrade has changed BusinessID 8's Type to Restaurant (3).
[2016/2/22 - 20:31:50] Tommy Andrade has changed BusinessID 8's Type to Gun Shop (4).
[2016/2/22 - 20:31:51] Tommy Andrade has changed BusinessID 8's Type to New Car Dealership (5).
[2016/2/22 - 20:31:52] Tommy Andrade has changed BusinessID 8's Type to Used Car Dealership (6).
[2016/2/22 - 20:31:53] Tommy Andrade has changed BusinessID 8's Type to Mechanic (7).
[2016/2/22 - 20:31:54] Tommy Andrade has changed BusinessID 8's Type to 24/7 (8).
[2016/2/22 - 20:32:10] Tommy Andrade has changed BusinessID 8's inventory to 500000.
[2016/2/22 - 21:12:22] Tommy Andrade has changed BusinessID 9's Exterior to X:977.805908 Y:-1378.843261 Z:5.411084
[2016/2/22 - 21:12:35] Tommy Andrade has changed BusinessID 9's Type to Clothing Store (2).
[2016/2/22 - 21:12:57] Tommy Andrade has changed BusinessID 9's Interior to X:207.709121 Y:-111.035034 Z:1005.132995
[2016/2/22 - 21:13:10] Tommy Andrade has changed BusinessID 9's inventory to 5000000.
[2016/2/22 - 21:17:28] Tommy Andrade has changed BusinessID 10's Exterior to X:2038.078735 Y:-2021.049316 Z:4.923920
[2016/2/22 - 21:17:41] Tommy Andrade has changed BusinessID 10's Interior to X:-27.056980 Y:-57.722702 Z:1003.546630
[2016/2/22 - 21:18:18] Tommy Andrade has changed BusinessID 10's Type to Clothing Store (2).
[2016/2/22 - 21:18:20] Tommy Andrade has changed BusinessID 10's Type to Gas Station (1).
[2016/2/22 - 21:18:32] Tommy Andrade has changed BusinessID 10's inventory to 5000000.
[2016/2/22 - 22:13:10] Tommy Andrade has edited business ID 7's name to Jones Toy store.
