[2015/11/24 - 18:19:14] Tommy Andrade has edited DoorID 10's Exterior.
[2015/11/24 - 18:20:36] Tommy Andrade has edited DoorID 10's Interior.
[2015/11/24 - 18:20:43] Tommy Andrade has edited DoorID 10's Name to The Ocean View Hotel.
[2015/11/25 - 11:9:35] Tommy Andrade has edited DoorID 92's Interior.
[2015/12/2 - 19:21:51] Tommy Andrade has edited DoorID 16's Interior.
[2015/12/2 - 19:22:34] Tommy Andrade has edited DoorID 16's Exterior.
[2015/12/2 - 19:23:22] Tommy Andrade has edited DoorID 16's Name to Little Havana Hospital.
[2015/12/2 - 19:23:32] Tommy Andrade has edited DoorID 16's CustomInterior.
[2015/12/2 - 19:24:19] Tommy Andrade has edited DoorID 16's Exterior.
[2015/12/2 - 19:34:21] Tommy Andrade has edited DoorID 20's Exterior.
[2015/12/2 - 19:34:48] Tommy Andrade has edited DoorID 20's Name to Schuman Health Care Center.
[2015/12/2 - 19:35:31] Tommy Andrade has edited DoorID 20's Interior.
[2015/12/2 - 19:35:40] Tommy Andrade has edited DoorID 20's CustomInterior.
[2016/1/9 - 13:22:10] Tommy Andrade has edited DoorID 21's Exterior.
[2016/1/9 - 13:22:30] Tommy Andrade has edited DoorID 21's Interior.
[2016/1/9 - 13:22:40] Tommy Andrade has edited DoorID 21's CustomInterior.
[2016/1/9 - 13:23:3] Tommy Andrade has edited DoorID 21's Name to SupaSave!.
[2016/1/9 - 13:23:5] Tommy Andrade has edited DoorID 21's Name to SupaSave.
[2016/1/9 - 13:24:41] Tommy Andrade has edited DoorID 32's Exterior.
[2016/1/9 - 13:25:1] Tommy Andrade has edited DoorID 32's Interior.
[2016/1/9 - 13:25:17] Tommy Andrade has edited DoorID 32's Name to Ryton Aide.
[2016/1/9 - 13:25:25] Tommy Andrade has edited DoorID 32's CustomInterior.
[2016/1/13 - 2:6:53] Eddie Scarpa has edited DoorID 33's Exterior.
[2016/1/13 - 2:7:8] Eddie Scarpa has edited DoorID 33's Interior.
[2016/1/13 - 2:7:56] Eddie Scarpa has edited DoorID 33's Name to StarFish Family.
[2016/1/13 - 2:8:53] Eddie Scarpa has edited DoorID 33's Interior.
[2016/1/13 - 2:42:14] Tommy Andrade has edited DoorID 34's Exterior.
[2016/1/13 - 2:46:30] Tommy Andrade has edited DoorID 34's Interior.
[2016/1/13 - 2:46:41] Tommy Andrade has edited DoorID 34's Exterior.
[2016/1/13 - 2:46:48] Tommy Andrade has edited DoorID 34's CustomInterior.
[2016/1/13 - 2:47:40] Tommy Andrade has edited DoorID 34's Name to Vice City Weazel News.
[2016/1/13 - 2:47:54] Tommy Andrade has edited DoorID 35's Exterior.
[2016/1/13 - 2:48:23] Tommy Andrade has edited DoorID 35's Name to Weazel News Garage.
[2016/1/13 - 2:49:9] Tommy Andrade has edited DoorID 35's Interior.
[2016/1/13 - 2:49:27] Tommy Andrade has edited DoorID 35's CustomInterior.
[2016/1/13 - 2:49:33] Tommy Andrade has edited DoorID 35's Interior.
[2016/1/13 - 2:50:28] Tommy Andrade has edited DoorID 2's VehicleAble.
[2016/1/13 - 2:50:38] Tommy Andrade has edited DoorID 1's VehicleAble.
[2016/1/13 - 2:51:2] Tommy Andrade has edited DoorID 35's VehicleAble.
[2016/1/13 - 2:52:29] Tommy Andrade has edited DoorID 35's Interior.
[2016/1/13 - 2:52:45] Tommy Andrade has edited DoorID 35's Exterior.
[2016/1/13 - 2:52:48] Tommy Andrade has edited DoorID 35's Exterior.
[2016/1/13 - 2:56:14] Tommy Andrade has edited DoorID 35's Interior.
[2016/1/13 - 2:56:37] Tommy Andrade has edited DoorID 35's Interior.
[2016/1/13 - 3:0:17] Tommy Andrade has deleted DoorID 35.
[2016/1/14 - 0:10:43] Tommy Rogers has edited DoorID 97's Faction.
[2016/1/14 - 14:47:53] Gordon has edited DoorID 33's PickupModel.
[2016/1/14 - 14:47:55] Gordon has edited DoorID 33's PickupModel.
[2016/1/14 - 14:47:58] Gordon has edited DoorID 33's PickupModel.
[2016/1/14 - 14:47:59] Gordon has edited DoorID 33's PickupModel.
[2016/1/14 - 14:48:0] Gordon has edited DoorID 33's PickupModel.
[2016/1/14 - 14:48:2] Gordon has edited DoorID 33's PickupModel.
[2016/1/14 - 14:48:3] Gordon has edited DoorID 33's PickupModel.
[2016/1/14 - 14:48:5] Gordon has edited DoorID 33's PickupModel.
[2016/1/14 - 14:48:9] Gordon has edited DoorID 33's PickupModel.
[2016/1/14 - 14:48:11] Gordon has edited DoorID 33's PickupModel.
[2016/1/14 - 14:48:12] Gordon has edited DoorID 33's PickupModel.
[2016/1/14 - 14:48:14] Gordon has edited DoorID 33's PickupModel.
[2016/1/14 - 14:48:16] Gordon has edited DoorID 33's PickupModel.
[2016/1/14 - 14:48:17] Gordon has edited DoorID 33's PickupModel.
[2016/1/14 - 14:48:19] Gordon has edited DoorID 33's PickupModel.
[2016/1/14 - 14:48:20] Gordon has edited DoorID 33's PickupModel.
[2016/1/14 - 14:48:22] Gordon has edited DoorID 33's PickupModel.
[2016/1/14 - 14:48:23] Gordon has edited DoorID 33's PickupModel.
[2016/1/14 - 14:48:25] Gordon has edited DoorID 33's PickupModel.
[2016/1/14 - 14:48:26] Gordon has edited DoorID 33's PickupModel.
[2016/1/14 - 14:48:29] Gordon has edited DoorID 33's PickupModel.
[2016/1/14 - 14:48:31] Gordon has edited DoorID 33's PickupModel.
[2016/1/14 - 14:48:33] Gordon has edited DoorID 33's PickupModel.
[2016/1/14 - 14:48:35] Gordon has edited DoorID 33's PickupModel.
[2016/1/14 - 14:48:37] Gordon has edited DoorID 33's PickupModel.
[2016/1/14 - 14:48:39] Gordon has edited DoorID 33's PickupModel.
[2016/1/14 - 14:48:42] Gordon has edited DoorID 33's PickupModel.
[2016/1/14 - 14:48:43] Gordon has edited DoorID 33's PickupModel.
[2016/1/14 - 14:48:45] Gordon has edited DoorID 33's PickupModel.
[2016/1/14 - 14:48:47] Gordon has edited DoorID 33's PickupModel.
[2016/1/14 - 14:48:48] Gordon has edited DoorID 33's PickupModel.
[2016/1/14 - 14:49:8] Gordon has edited DoorID 33's Name to The White House.
[2016/1/14 - 15:44:36] Michael Sinclair has edited DoorID 15's Name to Pizza Stack.
[2016/1/15 - 4:53:46] Tommy Andrade has deleted DoorID 67.
[2016/1/15 - 4:54:11] Tommy Andrade has edited DoorID 24's Interior.
[2016/1/15 - 12:24:21] Eddie Scarpa has edited DoorID 35's Exterior.
[2016/1/15 - 12:26:45] Eddie Scarpa has edited DoorID 35's Interior.
[2016/1/15 - 12:27:9] Eddie Scarpa has edited DoorID 35's Name to Ferry to go LC..
[2016/1/15 - 12:27:45] Eddie Scarpa has edited DoorID 35's PickupModel.
[2016/1/15 - 12:27:48] Eddie Scarpa has edited DoorID 35's PickupModel.
[2016/1/15 - 12:27:51] Eddie Scarpa has edited DoorID 35's PickupModel.
[2016/1/15 - 12:27:53] Eddie Scarpa has edited DoorID 35's PickupModel.
[2016/1/15 - 12:27:56] Eddie Scarpa has edited DoorID 35's PickupModel.
[2016/1/15 - 12:27:59] Eddie Scarpa has edited DoorID 35's PickupModel.
[2016/1/15 - 12:28:2] Eddie Scarpa has edited DoorID 35's PickupModel.
[2016/1/15 - 12:28:12] Eddie Scarpa has edited DoorID 35's VehicleAble.
[2016/1/15 - 12:28:47] Eddie Scarpa has edited DoorID 43's Exterior.
[2016/1/15 - 12:29:4] Eddie Scarpa has edited DoorID 43's Interior.
[2016/1/15 - 12:29:18] Eddie Scarpa has edited DoorID 43's Name to Use /exit to go VC ( Ferry ).
[2016/1/15 - 12:30:33] Eddie Scarpa has edited DoorID 43's PickupModel.
[2016/1/15 - 12:30:53] Eddie Scarpa has edited DoorID 35's Name to Ferry to go LC ( /enter ).
[2016/1/15 - 12:31:10] Eddie Scarpa has edited DoorID 43's Name to Ferry to go VC ( /exit ).
[2016/1/15 - 12:31:23] Eddie Scarpa has edited DoorID 43's VehicleAble.
[2016/1/15 - 12:31:33] Eddie Scarpa has edited DoorID 43's Interior.
[2016/1/15 - 12:31:58] Eddie Scarpa has edited DoorID 35's Exterior.
[2016/1/15 - 12:32:12] Eddie Scarpa has edited DoorID 43's Interior.
[2016/1/15 - 17:14:27] Gordon has deleted DoorID 109.
[2016/1/15 - 20:15:45] Tommy Andrade has edited DoorID 45's Exterior.
[2016/1/15 - 20:16:10] Tommy Andrade has edited DoorID 45's Interior.
[2016/1/15 - 20:16:17] Tommy Andrade has edited DoorID 45's Name to Control Bridge.
[2016/1/15 - 20:31:48] Gordon has edited DoorID 49's Exterior.
[2016/1/15 - 20:31:57] Gordon has edited DoorID 49's Exterior.
[2016/1/15 - 20:32:8] Gordon has edited DoorID 49's Exterior.
[2016/1/15 - 20:32:18] Gordon has edited DoorID 49's Exterior.
[2016/1/15 - 20:50:45] Gordon has edited DoorID 49's Interior.
[2016/1/15 - 20:51:0] Gordon has edited DoorID 49's Interior.
[2016/1/15 - 20:51:54] Gordon has edited DoorID 49's VehicleAble.
[2016/1/15 - 20:52:36] Gordon has edited DoorID 49's Name to Irvings Garage.
[2016/1/15 - 20:52:48] Gordon has edited DoorID 49's PickupModel.
[2016/1/15 - 20:52:50] Gordon has edited DoorID 49's PickupModel.
[2016/1/15 - 20:52:52] Gordon has edited DoorID 49's PickupModel.
[2016/1/15 - 20:52:54] Gordon has edited DoorID 49's PickupModel.
[2016/1/15 - 20:54:46] Gordon has edited DoorID 50's Exterior.
[2016/1/15 - 20:54:56] Gordon has edited DoorID 50's PickupModel.
[2016/1/15 - 20:55:10] Gordon has edited DoorID 50's Name to Irvings Garage.
[2016/1/15 - 20:56:1] Gordon has edited DoorID 50's Interior.
[2016/1/15 - 20:56:18] Gordon has edited DoorID 50's VehicleAble.
[2016/1/16 - 2:31:6] Eddie Scarpa has edited DoorID 33's Name to StarFish HQ.
[2016/1/18 - 3:42:54] Tommy Andrade has deleted DoorID 1.
[2016/1/18 - 3:51:8] Tommy Andrade has edited DoorID 49's Name to Crew's garage..
[2016/1/18 - 3:51:26] Tommy Andrade has edited DoorID 50's Name to Crew's garage..
[2016/1/18 - 16:23:5] Tommy Andrade has deleted DoorID 7.
[2016/1/18 - 19:12:24] Tommy Andrade has edited DoorID 9's Admin Level.
[2016/1/20 - 2:53:28] Tommy Andrade has edited DoorID 1's Exterior.
[2016/1/20 - 2:53:37] Tommy Andrade has edited DoorID 1's Name to stand entrance.
[2016/1/20 - 2:53:54] Tommy Andrade has edited DoorID 1's Interior.
[2016/1/20 - 22:59:7] Tommy Andrade has edited DoorID 31's Interior.
[2016/1/20 - 22:59:12] Tommy Andrade has edited DoorID 31's Interior.
[2016/1/20 - 23:43:45] Tommy Andrade has edited DoorID 31's Interior.
[2016/1/21 - 15:28:15] Tommy Andrade has edited DoorID 7's Exterior.
[2016/1/21 - 15:30:56] Tommy Andrade has edited DoorID 7's Interior.
[2016/1/21 - 15:31:12] Tommy Andrade has edited DoorID 7's Name to WHAT THE FUCK IS THE NAME OF THIS HOSPITAL?.
[2016/1/21 - 15:31:36] Tommy Andrade has edited DoorID 7's Name to Carson General Hospital.
[2016/1/25 - 0:9:6] Tommy Andrade has edited DoorID 51's Exterior.
[2016/1/25 - 0:10:4] Tommy Andrade has edited DoorID 51's Interior.
[2016/1/25 - 0:10:16] Tommy Andrade has edited DoorID 51's Name to Fire Department of Liberty City.
[2016/1/25 - 0:10:38] Tommy Andrade has edited DoorID 51's PickupModel.
[2016/1/25 - 0:10:42] Tommy Andrade has edited DoorID 51's PickupModel.
[2016/1/25 - 0:10:43] Tommy Andrade has edited DoorID 51's PickupModel.
[2016/1/25 - 0:10:45] Tommy Andrade has edited DoorID 51's PickupModel.
[2016/1/25 - 0:10:49] Tommy Andrade has edited DoorID 51's PickupModel.
[2016/1/25 - 0:10:52] Tommy Andrade has edited DoorID 51's PickupModel.
[2016/1/25 - 0:10:55] Tommy Andrade has edited DoorID 51's PickupModel.
[2016/1/25 - 0:10:56] Tommy Andrade has edited DoorID 51's PickupModel.
[2016/1/25 - 0:10:58] Tommy Andrade has edited DoorID 51's PickupModel.
[2016/1/25 - 0:28:30] Adam Crews has edited DoorID 52's Exterior.
[2016/1/25 - 0:36:23] Adam Crews has edited DoorID 52's Exterior.
[2016/1/25 - 0:36:30] Adam Crews has edited DoorID 52's Interior.
[2016/1/25 - 0:36:40] Adam Crews has edited DoorID 52's Interior.
[2016/1/25 - 0:39:2] Adam Crews has edited DoorID 52's Name to TMG.
[2016/1/25 - 0:39:32] Adam Crews has edited DoorID 52's PickupModel.
[2016/1/25 - 0:39:33] Adam Crews has edited DoorID 52's PickupModel.
[2016/1/25 - 0:39:37] Adam Crews has edited DoorID 52's PickupModel.
[2016/1/25 - 0:39:42] Adam Crews has edited DoorID 52's PickupModel.
[2016/1/25 - 0:41:49] Tommy Andrade has edited DoorID 2's Exterior.
[2016/1/25 - 0:42:57] Tommy Andrade has edited DoorID 2's CustomExterior.
[2016/1/25 - 1:29:25] Tommy Andrade has edited DoorID 5's Exterior.
[2016/1/26 - 22:33:52] Tommy Andrade has edited DoorID 2's Interior.
[2016/1/26 - 22:34:14] Tommy Andrade has edited DoorID 2's Interior.
[2016/1/26 - 22:34:36] Tommy Andrade has edited DoorID 3's Interior.
[2016/1/26 - 23:17:33] Tommy Andrade has edited DoorID 53's Exterior.
[2016/1/26 - 23:17:49] Tommy Andrade has edited DoorID 53's Admin Level.
[2016/1/26 - 23:18:40] Tommy Andrade has edited DoorID 53's Interior.
[2016/1/26 - 23:19:5] Tommy Andrade has edited DoorID 53's CustomInterior.
[2016/1/26 - 23:20:6] Tommy Andrade has edited DoorID 53's Name to 1159 Little Havana Apt..
[2016/1/26 - 23:20:23] Tommy Andrade has edited DoorID 53's Admin Level.
[2016/1/27 - 15:34:19] Tommy Andrade has deleted DoorID 33.
[2016/1/27 - 16:24:48] Tommy Andrade has edited DoorID 33's Exterior.
[2016/1/27 - 16:25:22] Tommy Andrade has edited DoorID 33's Interior.
[2016/1/27 - 16:25:26] Tommy Andrade has edited DoorID 33's CustomInterior.
[2016/1/27 - 16:25:49] Tommy Andrade has edited DoorID 33's Interior.
[2016/1/27 - 16:26:1] Tommy Andrade has edited DoorID 33's VehicleAble.
[2016/1/27 - 16:27:26] Tommy Andrade has edited DoorID 33's Interior.
[2016/1/27 - 16:27:48] Tommy Andrade has edited DoorID 33's Exterior.
[2016/1/27 - 16:28:11] Tommy Andrade has edited DoorID 33's Exterior.
[2016/1/27 - 16:28:20] Tommy Andrade has edited DoorID 33's Interior.
[2016/1/27 - 16:28:45] Tommy Andrade has edited DoorID 33's Exterior.
[2016/1/27 - 16:29:17] Tommy Andrade has edited DoorID 33's Exterior.
[2016/1/27 - 16:29:32] Tommy Andrade has edited DoorID 33's Exterior.
[2016/1/27 - 16:29:37] Tommy Andrade has edited DoorID 33's Name to DELETE.
[2016/1/27 - 16:30:4] Tommy Andrade has edited DoorID 56's Exterior.
[2016/1/27 - 16:30:33] Tommy Andrade has edited DoorID 56's Interior.
[2016/1/27 - 16:30:43] Tommy Andrade has edited DoorID 53's CustomInterior.
[2016/1/27 - 16:30:48] Tommy Andrade has edited DoorID 53's CustomInterior.
[2016/1/27 - 16:31:12] Tommy Andrade has edited DoorID 56's CustomInterior.
[2016/1/27 - 16:31:30] Tommy Andrade has edited DoorID 56's VehicleAble.
[2016/1/27 - 16:31:57] Tommy Andrade has edited DoorID 56's VehicleAble.
[2016/1/27 - 16:33:1] Tommy Andrade has edited DoorID 56's Name to Garage [Owner: Ludwig Adkins].
[2016/1/27 - 16:33:49] Tommy Andrade has edited DoorID 56's Interior.
[2016/1/27 - 16:34:12] Tommy Andrade has edited DoorID 56's Interior.
[2016/1/27 - 16:34:13] Tommy Andrade has edited DoorID 56's Interior.
[2016/1/27 - 16:34:23] Tommy Andrade has edited DoorID 56's Interior.
[2016/1/27 - 16:34:29] Tommy Andrade has edited DoorID 56's Interior.
[2016/1/27 - 16:35:17] Tommy Andrade has edited DoorID 56's Interior.
[2016/1/27 - 16:35:25] Tommy Andrade has edited DoorID 56's Interior.
[2016/1/27 - 16:44:30] Tommy Andrade has edited DoorID 56's Interior.
[2016/1/27 - 20:20:16] Tommy Andrade has edited DoorID 56's Interior.
[2016/1/28 - 19:2:43] Tommy Andrade has deleted DoorID 35.
[2016/1/28 - 20:4:24] Tommy Andrade has edited DoorID 35's Exterior.
[2016/1/28 - 20:5:22] Tommy Andrade has edited DoorID 35's PickupModel.
[2016/1/28 - 20:5:25] Tommy Andrade has edited DoorID 35's PickupModel.
[2016/1/28 - 20:5:26] Tommy Andrade has edited DoorID 35's PickupModel.
[2016/1/28 - 20:5:28] Tommy Andrade has edited DoorID 35's PickupModel.
[2016/1/28 - 20:5:29] Tommy Andrade has edited DoorID 35's PickupModel.
[2016/1/28 - 20:5:31] Tommy Andrade has edited DoorID 35's PickupModel.
[2016/1/28 - 20:5:33] Tommy Andrade has edited DoorID 35's PickupModel.
[2016/1/28 - 20:5:49] Tommy Andrade has edited DoorID 35's PickupModel.
[2016/1/28 - 20:5:51] Tommy Andrade has edited DoorID 35's PickupModel.
[2016/1/28 - 20:6:5] Tommy Andrade has edited DoorID 35's PickupModel.
[2016/1/28 - 20:6:7] Tommy Andrade has edited DoorID 35's PickupModel.
[2016/1/28 - 20:6:38] Tommy Andrade has edited DoorID 35's Interior.
[2016/1/28 - 20:7:15] Tommy Andrade has edited DoorID 35's Interior.
[2016/1/28 - 20:7:40] Tommy Andrade has edited DoorID 35's Name to Vice City Clothing Shop.
[2016/1/29 - 5:3:21] Tommy Andrade has edited DoorID 58's Exterior.
[2016/1/29 - 5:3:51] Tommy Andrade has edited DoorID 58's PickupModel.
[2016/1/29 - 5:3:53] Tommy Andrade has edited DoorID 58's PickupModel.
[2016/1/29 - 5:4:4] Tommy Andrade has edited DoorID 58's Name to The test factory.
[2016/1/29 - 5:4:33] Tommy Andrade has edited DoorID 58's Interior.
[2016/1/29 - 5:9:12] Tommy Andrade has deleted DoorID 58.
[2016/1/29 - 5:27:54] Tommy Andrade has edited DoorID 58's Exterior.
[2016/1/29 - 5:28:21] Tommy Andrade has edited DoorID 58's Interior.
[2016/1/29 - 5:29:2] Tommy Andrade has edited DoorID 58's Name to Viceport Freight LTD.
[2016/1/29 - 5:29:51] Tommy Andrade has edited DoorID 58's CustomInterior.
[2016/1/29 - 12:35:12] Tommy Andrade has edited DoorID 64's Exterior.
[2016/1/29 - 12:37:3] Tommy Andrade has edited DoorID 64's Interior.
[2016/1/29 - 12:37:16] Tommy Andrade has edited DoorID 64's Name to The Cafe' Shop.
[2016/1/29 - 19:58:22] Mike Andrade has edited DoorID 67's Exterior.
[2016/1/29 - 19:59:15] Mike Andrade has edited DoorID 67's Interior.
[2016/1/29 - 19:59:34] Mike Andrade has edited DoorID 67's Interior.
[2016/1/29 - 19:59:41] Mike Andrade has edited DoorID 67's CustomInterior.
[2016/1/29 - 20:0:2] Mike Andrade has edited DoorID 67's PickupModel.
[2016/1/29 - 20:0:4] Mike Andrade has edited DoorID 67's PickupModel.
[2016/1/29 - 20:0:37] Mike Andrade has edited DoorID 67's Exterior.
[2016/1/29 - 20:1:12] Mike Andrade has edited DoorID 67's Name to Grarage [Owner: Dante Gianello].
[2016/1/29 - 20:1:54] Mike Andrade has edited DoorID 67's VehicleAble.
[2016/1/29 - 20:4:10] Mike Andrade has edited DoorID 67's password to 1996.
[2016/1/30 - 0:40:31] Tommy Andrade has edited DoorID 68's Exterior.
[2016/1/30 - 0:40:43] Tommy Andrade has edited DoorID 68's PickupModel.
[2016/1/30 - 0:40:45] Tommy Andrade has edited DoorID 68's PickupModel.
[2016/1/30 - 0:40:49] Tommy Andrade has edited DoorID 68's PickupModel.
[2016/1/30 - 0:40:52] Tommy Andrade has edited DoorID 68's PickupModel.
[2016/1/30 - 0:40:54] Tommy Andrade has edited DoorID 68's PickupModel.
[2016/1/30 - 0:40:56] Tommy Andrade has edited DoorID 68's PickupModel.
[2016/1/30 - 0:40:57] Tommy Andrade has edited DoorID 68's PickupModel.
[2016/1/30 - 0:41:11] Tommy Andrade has edited DoorID 68's Name to The Liberty City Grand Mall.
[2016/1/30 - 0:43:24] Tommy Andrade has edited DoorID 68's Interior.
[2016/1/30 - 0:45:16] Tommy Andrade has edited DoorID 69's Exterior.
[2016/1/30 - 0:45:20] Tommy Andrade has edited DoorID 69's Exterior.
[2016/1/30 - 0:45:35] Tommy Andrade has edited DoorID 69's Exterior.
[2016/1/30 - 0:45:37] Tommy Andrade has edited DoorID 69's Exterior.
[2016/1/30 - 0:46:18] Tommy Andrade has edited DoorID 69's Interior.
[2016/1/30 - 0:48:49] Tommy Andrade has edited DoorID 69's Exterior.
[2016/1/30 - 0:49:50] Tommy Andrade has edited DoorID 94's Name to Tarbrush Cafe.
[2016/1/30 - 0:50:49] Tommy Andrade has edited DoorID 69's Name to Liberty City Mall ZIP.
[2016/1/30 - 0:52:59] Tommy Andrade has edited DoorID 70's Exterior.
[2016/1/30 - 0:53:30] Tommy Andrade has edited DoorID 70's Exterior.
[2016/1/30 - 0:53:47] Tommy Andrade has edited DoorID 70's Name to Liberty City Mall 24/7.
[2016/1/30 - 0:54:22] Tommy Andrade has edited DoorID 70's Interior.
[2016/1/30 - 0:58:51] Tommy Andrade has edited DoorID 72's Exterior.
[2016/1/30 - 0:59:0] Tommy Andrade has edited DoorID 72's Exterior.
[2016/1/30 - 0:59:34] Tommy Andrade has edited DoorID 72's Interior.
[2016/1/30 - 0:59:44] Tommy Andrade has edited DoorID 72's Interior.
[2016/1/30 - 1:0:6] Tommy Andrade has edited DoorID 7's Name to Dakota's casino!.
[2016/1/30 - 1:0:14] Tommy Andrade has edited DoorID 72's Name to Dakota's casino!.
[2016/1/30 - 1:0:31] Tommy Andrade has edited DoorID 7's Name to Liberty City Carson Hospital.
[2016/1/30 - 18:49:39] Tommy Andrade has deleted DoorID 43.
[2016/1/30 - 23:49:2] Tommy Andrade has edited DoorID 43's Exterior.
[2016/1/30 - 23:49:21] Tommy Andrade has edited DoorID 43's Interior.
[2016/1/30 - 23:49:38] Tommy Andrade has edited DoorID 43's Interior.
[2016/1/30 - 23:50:49] Tommy Andrade has edited DoorID 43's Exterior.
[2016/1/31 - 7:34:6] Eddie Scarpa has edited DoorID 43's Exterior.
[2016/1/31 - 7:34:19] Eddie Scarpa has edited DoorID 43's Exterior.
[2016/1/31 - 7:34:54] Eddie Scarpa has edited DoorID 43's Interior.
[2016/1/31 - 7:35:10] Eddie Scarpa has edited DoorID 43's Name to Eddie....
[2016/1/31 - 7:35:37] Eddie Scarpa has edited DoorID 43's Interior.
[2016/1/31 - 7:36:21] Eddie Scarpa has edited DoorID 43's Interior.
[2016/1/31 - 7:37:24] Eddie Scarpa has edited DoorID 22's Interior.
[2016/1/31 - 7:38:13] Eddie Scarpa has edited DoorID 23's Interior.
[2016/1/31 - 14:21:31] Tommy Andrade has edited DoorID 74's Exterior.
[2016/1/31 - 14:22:3] Tommy Andrade has edited DoorID 74's Interior.
[2016/1/31 - 14:22:6] Tommy Andrade has edited DoorID 74's Interior.
[2016/1/31 - 14:22:26] Tommy Andrade has edited DoorID 74's Name to Factory[Owner: Lorenzo Jondetti].
[2016/1/31 - 14:23:24] Tommy Andrade has edited DoorID 74's CustomInterior.
[2016/2/7 - 17:59:44] Tommy Andrade has edited DoorID 75's Exterior.
[2016/2/7 - 18:0:40] Tommy Andrade has edited DoorID 75's Interior.
[2016/2/7 - 18:0:52] Tommy Andrade has edited DoorID 75's Name to Liberty City Comedy Club.
[2016/2/11 - 14:40:12] Tommy Andrade has edited DoorID 77's Exterior.
[2016/2/11 - 14:40:17] Tommy Andrade has edited DoorID 77's Admin Level.
[2016/2/11 - 14:40:21] Tommy Andrade has edited DoorID 77's Admin Level.
[2016/2/11 - 14:40:36] Tommy Andrade has edited DoorID 77's Exterior.
[2016/2/11 - 14:42:40] Tommy Andrade has edited DoorID 77's Exterior.
[2016/2/11 - 14:42:46] Tommy Andrade has edited DoorID 77's Admin Level.
[2016/2/11 - 14:43:36] Tommy Andrade has edited DoorID 77's Interior.
[2016/2/11 - 14:43:49] Tommy Andrade has edited DoorID 77's Name to The Vice City Downtown Sub Urban.
[2016/2/11 - 14:44:11] Tommy Andrade has edited DoorID 77's Admin Level.
[2016/2/13 - 19:58:50] Tommy Andrade has edited DoorID 75's CustomInterior.
[2016/2/13 - 23:3:49] Tommy Andrade has edited DoorID 79's Exterior.
[2016/2/13 - 23:4:26] Tommy Andrade has edited DoorID 79's Interior.
[2016/2/13 - 23:4:35] Tommy Andrade has edited DoorID 79's CustomInterior.
[2016/2/13 - 23:5:0] Tommy Andrade has edited DoorID 79's Name to The hotspot.
[2016/2/13 - 23:5:23] Tommy Andrade has edited DoorID 79's VehicleAble.
[2016/2/13 - 23:6:8] Tommy Andrade has edited DoorID 79's Interior.
[2016/2/13 - 23:6:34] Tommy Andrade has edited DoorID 79's Interior.
[2016/2/18 - 20:28:10] Tommy Andrade has edited DoorID 68's Admin Level.
[2016/2/18 - 20:30:8] Tommy Andrade has edited DoorID 81's Exterior.
[2016/2/18 - 20:30:8] Tommy Andrade has edited DoorID 81's Admin Level.
[2016/2/18 - 20:31:21] Tommy Andrade has edited DoorID 81's Interior.
[2016/2/18 - 20:31:33] Tommy Andrade has edited DoorID 81's Admin Level.
[2016/2/18 - 20:31:45] Tommy Andrade has edited DoorID 81's Name to Saint Mark's Binco Clothing Store.
[2016/2/20 - 14:42:20] Reggie Monclair has edited DoorID 84's Exterior.
[2016/2/20 - 14:42:37] Reggie Monclair has edited DoorID 84's Exterior.
[2016/2/20 - 14:44:37] Reggie Monclair has edited DoorID 84's Interior.
[2016/2/20 - 14:47:56] Reggie Monclair has edited DoorID 84's Interior.
[2016/2/20 - 14:54:34] Reggie Monclair has edited DoorID 84's Exterior.
[2016/2/20 - 14:55:11] Tommy Andrade has edited DoorID 84's Interior.
[2016/2/20 - 14:55:28] Tommy Andrade has edited DoorID 84's Exterior.
[2016/2/20 - 14:55:31] Reggie Monclair has edited DoorID 84's Interior.
[2016/2/20 - 14:56:14] Tommy Andrade has edited DoorID 84's Name to Newport's Ammunation..
[2016/2/20 - 14:56:15] Tommy Andrade has edited DoorID 84's Name to Newport's Ammunation.
[2016/2/20 - 15:1:14] Tommy Andrade has edited DoorID 84's Exterior.
[2016/2/20 - 15:1:52] Reggie Monclair has edited DoorID 84's Exterior.
[2016/2/20 - 15:3:4] Reggie Monclair has edited DoorID 84's Interior.
[2016/2/20 - 15:3:10] Reggie Monclair has edited DoorID 23's Interior.
[2016/2/20 - 15:5:20] Reggie Monclair has edited DoorID 84's Interior.
[2016/2/20 - 15:52:43] Tommy Andrade has edited DoorID 37's Name to Marco's Bistro[Owned by: Benjamin Costa].
[2016/2/20 - 16:2:19] Tommy Andrade has edited DoorID 37's password to TomAn.
[2016/2/21 - 11:11:11] Reggie has edited DoorID 21's Exterior.
[2016/2/21 - 11:11:38] Reggie has edited DoorID 21's Interior.
[2016/2/21 - 14:53:36] Tommy Andrade has deleted DoorID 55.
[2016/2/21 - 15:15:18] Tommy Andrade has deleted DoorID 81.
[2016/2/21 - 16:12:0] Tommy Andrade has deleted DoorID 21.
[2016/2/21 - 19:51:3] Tommy Andrade has deleted DoorID 0.
[2016/2/22 - 7:54:47] Tommy Andrade has edited DoorID 0's Exterior.
[2016/2/22 - 7:55:24] Tommy Andrade has edited DoorID 0's Interior.
[2016/2/22 - 7:55:31] Tommy Andrade has edited DoorID 0's CustomInterior.
[2016/2/22 - 7:55:47] Tommy Andrade has edited DoorID 0's PickupModel.
[2016/2/22 - 7:55:51] Tommy Andrade has edited DoorID 0's PickupModel.
[2016/2/22 - 7:55:53] Tommy Andrade has edited DoorID 0's PickupModel.
[2016/2/22 - 7:55:55] Tommy Andrade has edited DoorID 0's PickupModel.
[2016/2/22 - 7:55:56] Tommy Andrade has edited DoorID 0's PickupModel.
[2016/2/22 - 7:55:58] Tommy Andrade has edited DoorID 0's PickupModel.
[2016/2/22 - 7:56:0] Tommy Andrade has edited DoorID 0's PickupModel.
[2016/2/22 - 7:56:3] Tommy Andrade has edited DoorID 0's PickupModel.
[2016/2/22 - 7:56:6] Tommy Andrade has edited DoorID 0's PickupModel.
[2016/2/22 - 7:56:8] Tommy Andrade has edited DoorID 0's PickupModel.
[2016/2/22 - 7:56:10] Tommy Andrade has edited DoorID 0's PickupModel.
[2016/2/22 - 7:56:12] Tommy Andrade has edited DoorID 0's PickupModel.
[2016/2/22 - 7:56:17] Tommy Andrade has edited DoorID 0's PickupModel.
[2016/2/22 - 7:56:19] Tommy Andrade has edited DoorID 0's PickupModel.
[2016/2/22 - 7:56:20] Tommy Andrade has edited DoorID 0's PickupModel.
[2016/2/22 - 7:56:23] Tommy Andrade has edited DoorID 0's PickupModel.
[2016/2/22 - 7:56:25] Tommy Andrade has edited DoorID 0's PickupModel.
[2016/2/22 - 7:56:28] Tommy Andrade has edited DoorID 0's PickupModel.
[2016/2/22 - 7:56:30] Tommy Andrade has edited DoorID 0's PickupModel.
[2016/2/22 - 7:56:32] Tommy Andrade has edited DoorID 0's PickupModel.
[2016/2/22 - 7:56:37] Tommy Andrade has edited DoorID 0's PickupModel.
[2016/2/22 - 7:56:40] Tommy Andrade has edited DoorID 0's PickupModel.
[2016/2/22 - 7:56:42] Tommy Andrade has edited DoorID 0's PickupModel.
[2016/2/22 - 7:57:6] Tommy Andrade has edited DoorID 0's Name to Factory.
[2016/2/22 - 7:57:40] Tommy Andrade has edited DoorID 0's Name to Factory[Owned by: Benjamin Costa[.
[2016/2/22 - 7:57:53] Tommy Andrade has edited DoorID 0's Name to Factory[Owned by: Benjamin Costa].
[2016/2/22 - 7:58:20] Tommy Andrade has edited DoorID 0's Name to Portland Docks Factory[Owned by: Benjamin Costa[.
[2016/2/22 - 18:27:32] Tommy Andrade has deleted DoorID 15.
[2016/2/22 - 19:41:21] Tommy Andrade has deleted DoorID 37.
[2016/2/22 - 20:16:59] Tommy Andrade has deleted DoorID 36.
[2016/2/22 - 20:22:1] Tommy Andrade has deleted DoorID 69.
[2016/2/22 - 20:26:0] Tommy Andrade has deleted DoorID 84.
[2016/2/22 - 20:31:38] Tommy Andrade has deleted DoorID 32.
