[2015/12/3 - 11:31:28] Tommy Andrade adjusted family 1's name to The Yakards Family
[2016/1/13 - 2:18:22] Eddie Scarpa adjusted family 10's name to StarFish Families
[2016/1/13 - 2:18:32] Eddie Scarpa adjusted family 10's safe
[2016/1/25 - 0:48:33] Austin Monaghan adjusted family 1's name to The Monaghan Gang
[2016/1/25 - 0:51:52] Austin Monaghan adjusted family 1's rank 6 to Lieutenant
[2016/1/25 - 0:51:56] Austin Monaghan adjusted family 1's rank 5 to Advisor
[2016/1/25 - 0:51:58] Austin Monaghan adjusted family 1's rank 4 to Enforcer
[2016/1/25 - 0:52:1] Austin Monaghan adjusted family 1's rank 3 to Soldier
[2016/1/25 - 0:52:4] Austin Monaghan adjusted family 1's rank 2 to Associate
[2016/1/25 - 0:52:11] Austin Monaghan adjusted family 1's rank 2 to Soldier
[2016/1/25 - 0:52:16] Austin Monaghan adjusted family 1's rank 1 to Associate
[2016/1/25 - 1:0:17] Adam Crews adjusted family 1's rank 6 to test
[2016/1/25 - 1:0:58] Adam Crews adjusted family 1's rank 6 to Testoo
[2016/1/25 - 1:8:39] Austin Monaghan adjusted family 1's rank 6 to Lieutenant
[2016/1/25 - 1:8:45] Austin Monaghan adjusted family 1's rank 1 to Associate
[2016/1/25 - 1:8:51] Austin Monaghan adjusted family 1's rank 2 to Soldier
[2016/1/25 - 1:9:1] Austin Monaghan adjusted family 1's rank 5 to Advisor
[2016/1/25 - 1:9:4] Austin Monaghan adjusted family 1's rank 4 to Street Boss
[2016/1/25 - 1:9:7] Austin Monaghan adjusted family 1's rank 3 to Enforcer
[2016/1/25 - 1:9:9] Austin Monaghan adjusted family 1's rank 2 to Soldier
[2016/1/27 - 7:39:28] Austin Monaghan adjusted family 1's name to The Monaghan Gang
[2016/1/27 - 7:39:43] Austin Monaghan adjusted family 1's rank 6 to Lieutenanty
[2016/1/27 - 7:39:44] Austin Monaghan adjusted family 1's rank 6 to Lieutenant
[2016/1/27 - 7:39:52] Austin Monaghan adjusted family 1's rank 5 to Enforcer
[2016/1/27 - 7:39:59] Austin Monaghan adjusted family 1's rank 4 to Street Boss
[2016/1/27 - 7:40:1] Austin Monaghan adjusted family 1's rank 3 to Soldier
[2016/1/27 - 7:40:7] Austin Monaghan adjusted family 1's rank 5 to Advisor
[2016/1/27 - 7:40:12] Austin Monaghan adjusted family 1's rank 4 to Enforcer
[2016/1/27 - 7:40:14] Austin Monaghan adjusted family 1's rank 3 to Soldier
[2016/1/27 - 7:40:21] Austin Monaghan adjusted family 1's rank 4 to Street Boss
[2016/1/27 - 7:40:26] Austin Monaghan adjusted family 1's rank 4 to Enforcer
[2016/1/27 - 7:40:29] Austin Monaghan adjusted family 1's rank 3 to Street Boss
[2016/1/27 - 7:40:37] Austin Monaghan adjusted family 1's rank 2 to Soldier
[2016/1/27 - 7:40:39] Austin Monaghan adjusted family 1's rank 1 to Associate
[2016/1/29 - 4:50:22] Austin Monaghan adjusted family 1's name to The Escora Crime Family
[2016/1/30 - 16:30:2] Tommy Andrade invited Robert DiGarbo to family 2 
[2016/1/30 - 16:32:55] Tommy Andrade set Robert DiGarbo rank to 6 in family 2 
[2016/1/31 - 7:39:9] Eddie Scarpa adjusted family 10's name to Scarpa Families
[2016/1/31 - 7:39:23] Eddie Scarpa adjusted family 10's safe
[2016/2/22 - 19:22:4] Benjamin Costa adjusted family 1's name to The Cosa Gang
[2016/2/22 - 19:22:16] Benjamin Costa adjusted family 1's MOTD to The Costa Gang controls Portland
[2016/2/22 - 19:22:49] Benjamin Costa adjusted family 1's rank 6 to Leader
[2016/2/22 - 19:22:54] Benjamin Costa adjusted family 1's rank 5 to Underboss
[2016/2/22 - 19:22:58] Benjamin Costa adjusted family 1's rank 6 to Boss
[2016/2/22 - 19:23:21] Benjamin Costa adjusted family 1's rank 4 to Counselor
[2016/2/22 - 19:23:27] Benjamin Costa adjusted family 1's rank 3 to Captain
[2016/2/22 - 19:23:29] Benjamin Costa adjusted family 1's rank 3 to Soldier
[2016/2/22 - 19:23:32] Benjamin Costa adjusted family 1's rank 3 to Captain
[2016/2/22 - 19:23:35] Benjamin Costa adjusted family 1's rank 2 to Soldier
[2016/2/22 - 19:23:41] Benjamin Costa adjusted family 1's rank 1 to Associate
[2016/2/22 - 19:27:46] Benjamin Costa adjusted family 1's name to The Costa Gang
