[2016/1/11 - 1:57:42] Eddie Scarpa has edited GateID 0's Position.
[2016/1/11 - 1:57:48] Eddie Scarpa has edited GateID 0's Model to 980.
[2016/1/11 - 1:57:50] Eddie Scarpa has edited GateID 0's Model to 9800.
[2016/1/11 - 1:57:51] Eddie Scarpa has edited GateID 0's Model to 980.
[2016/1/11 - 1:58:56] Tommy Andrade has edited GateID 0's Position.
[2016/1/15 - 17:44:51] Gordon has edited GateID 1's Range to 40.
[2016/1/15 - 17:45:25] Gordon has edited GateID 1's Model to 987.
[2016/1/15 - 17:45:55] Gordon has edited GateID 1's Position.
[2016/1/15 - 17:48:54] Gordon has edited GateID 1's Model to 2920.
[2016/1/15 - 17:49:13] Gordon has edited GateID 1's Position.
[2016/1/15 - 17:49:59] Gordon has edited GateID 1's Model to 987.
[2016/1/15 - 17:50:3] Gordon has edited GateID 1's Model to 987.
[2016/1/15 - 17:50:11] Gordon has edited GateID 1's Position.
[2016/1/15 - 17:50:25] Tommy Andrade has edited GateID 1's Model to 1171.
[2016/1/15 - 17:50:44] Gordon has edited GateID 1's Model to 1104.
[2016/1/15 - 17:50:49] Tommy Andrade has edited GateID 1's Model to 1805.
[2016/1/15 - 17:50:49] Gordon has edited GateID 1's Model to 1.
[2016/1/15 - 17:50:56] Gordon has edited GateID 1's Model to 2.
[2016/1/15 - 17:51:2] Gordon has edited GateID 1's Position.
[2016/1/15 - 17:51:8] Gordon has edited GateID 1's Model to 987.
[2016/1/15 - 17:51:13] Gordon has edited GateID 1's Position.
[2016/1/15 - 17:51:15] Tommy Andrade has edited GateID 1's Model to 1829.
[2016/1/15 - 17:51:19] Gordon has edited GateID 1's Model to 987.
[2016/1/15 - 17:51:28] Tommy Andrade has edited GateID 1's Model to 1829.
[2016/1/15 - 17:58:14] Gordon has edited GateID 1's Speed to 30.
[2016/1/15 - 17:58:54] Gordon has edited GateID 1's Speed to 1.
[2016/1/15 - 17:59:5] Gordon has edited GateID 1's Speed to 10.
[2016/1/15 - 17:59:12] Gordon has edited GateID 1's Speed to 8.
[2016/1/15 - 20:58:21] Gordon has edited GateID 2's Model to 1829.
[2016/1/15 - 20:58:33] Gordon has edited GateID 2's Speed to 10.
[2016/1/15 - 20:58:43] Gordon has edited GateID 2's Range to 30.
[2016/1/15 - 20:59:0] Gordon has edited GateID 2's Position.
[2016/1/15 - 21:4:17] Gordon has edited GateID 2's Speed to 4.
[2016/1/15 - 21:4:35] Gordon has edited GateID 2's Speed to 6.
[2016/1/17 - 16:46:6] Marcus Jackson has edited GateID 3's Model to 0.
[2016/1/17 - 16:46:15] Marcus Jackson has edited GateID 3's Model to 212.
[2016/1/17 - 16:46:26] Marcus Jackson has edited GateID 3's Position.
[2016/1/17 - 16:48:42] Marcus Jackson has edited GateID 3's Model to 19304.
[2016/1/18 - 17:31:50] Marcus Jackson has edited GateID 3's Position.
[2016/1/18 - 17:31:56] Marcus Jackson has edited GateID 3's Position.
[2016/1/18 - 17:34:6] Marcus Jackson has edited GateID 3's Position.
[2016/1/18 - 23:53:19] Tommy Andrade has edited GateID 4's Model to 1180.
[2016/1/18 - 23:53:35] Tommy Andrade has edited GateID 4's Position.
[2016/1/18 - 23:54:0] Tommy Andrade has edited GateID 4's Model to 1829.
[2016/1/18 - 23:54:35] Tommy Andrade has edited GateID 4's Position.
[2016/1/18 - 23:54:36] Tommy Andrade has edited GateID 4's Position.
[2016/1/18 - 23:54:50] Tommy Andrade has edited GateID 4's Position.
[2016/1/18 - 23:55:5] Tommy Andrade has edited GateID 4's Moved Position.
[2016/1/18 - 23:55:25] Tommy Andrade has edited GateID 4's Speed to 2.
[2016/1/18 - 23:56:10] Tommy Andrade has edited GateID 4's Range to 2.
[2016/1/18 - 23:56:18] Tommy Andrade has edited GateID 4's Range to 5.
[2016/1/18 - 23:56:38] Tommy Andrade has edited GateID 4's Range to 10.
[2016/1/27 - 6:43:34] Tommy Andrade has edited GateID 0's Model to 1538.
[2016/1/27 - 6:43:47] Tommy Andrade has edited GateID 0's Position.
[2016/1/27 - 6:43:52] Tommy Andrade has edited GateID 0's Position.
[2016/1/27 - 6:44:36] Tommy Andrade has edited GateID 0's Position.
[2016/1/27 - 6:45:2] Tommy Andrade has edited GateID 0's Position.
[2016/1/27 - 16:41:14] Tommy Andrade has edited GateID 1's Model to 18753.
[2016/1/27 - 16:41:19] Tommy Andrade has edited GateID 1's Position.
[2016/1/27 - 16:43:42] Tommy Andrade has edited GateID 1's Position.
[2016/1/27 - 16:49:40] Tommy Andrade has edited GateID 2's Model to 9593.
[2016/1/27 - 16:49:47] Tommy Andrade has edited GateID 2's Position.
[2016/1/27 - 16:53:2] Rafael Martinez has edited GateID 2's Position.
[2016/1/27 - 16:53:9] Rafael Martinez has edited GateID 2's Position.
[2016/1/27 - 16:53:55] Rafael Martinez has edited GateID 2's Position.
[2016/1/27 - 16:54:29] Rafael Martinez has edited GateID 2's House ID to 1.
[2016/1/27 - 16:54:54] Rafael Martinez has edited GateID 2's Position.
[2016/1/27 - 16:54:57] Rafael Martinez has edited GateID 2's Position.
[2016/1/27 - 16:56:40] Tommy Andrade has edited GateID 2's Position.
[2016/1/27 - 16:57:44] Tommy Andrade has edited GateID 2's Position.
[2016/1/27 - 17:7:30] Tommy Andrade has edited GateID 2's Speed to 3.
[2016/1/27 - 17:7:39] Tommy Andrade has edited GateID 2's Range to 2.
[2016/1/27 - 17:7:51] Tommy Andrade has edited GateID 2's Moved Position.
[2016/1/27 - 17:8:4] Tommy Andrade has edited GateID 2's Range to 5.
[2016/1/27 - 17:9:17] Tommy Andrade has edited GateID 2's Range to 5.
[2016/1/27 - 17:9:24] Tommy Andrade has edited GateID 2's Range to 10.
[2016/1/27 - 17:24:21] Tommy Andrade has edited GateID 3's Model to 9595.
[2016/1/27 - 17:24:26] Tommy Andrade has edited GateID 3's Position.
[2016/1/27 - 17:29:0] Tommy Andrade has edited GateID 3's Model to 1597.
[2016/1/27 - 17:29:7] Tommy Andrade has edited GateID 3's Model to 1537.
[2016/1/27 - 17:29:45] Tommy Andrade has edited GateID 3's Model to 1498.
[2016/1/27 - 17:30:56] Tommy Andrade has edited GateID 3's Model to 1491.
[2016/1/27 - 17:31:7] Tommy Andrade has edited GateID 3's Position.
[2016/1/27 - 17:32:5] Tommy Andrade has edited GateID 3's Position.
[2016/2/1 - 2:48:55] Adam Crews has edited GateID 4's Position.
[2016/2/1 - 2:50:40] Adam Crews has edited GateID 4's Model to 8493.
[2016/2/1 - 2:51:1] Adam Crews has edited GateID 4's Model to 8493.
[2016/2/1 - 2:53:11] Adam Crews has edited GateID 4's Position.
[2016/2/1 - 2:53:45] Adam Crews has edited GateID 4's Position.
[2016/2/1 - 2:56:42] Adam Crews has edited GateID 4's Model to 0.
[2016/2/20 - 19:30:29] Jeffrey Smith has edited GateID 4's Position.
[2016/2/20 - 19:30:37] Jeffrey Smith has edited GateID 4's Model to 980.
[2016/2/20 - 19:30:41] Jeffrey Smith has edited GateID 4's Model to 1.
[2016/2/20 - 19:30:46] Jeffrey Smith has edited GateID 4's Model to 0.
[2016/2/21 - 21:0:48] Tommy Andrade has edited GateID 0's Model to 19313.
[2016/2/21 - 21:1:2] Tommy Andrade has edited GateID 0's Position.
[2016/2/21 - 21:2:43] Tommy Andrade has edited GateID 0's Position.
[2016/2/22 - 7:51:8] Tommy Andrade has edited GateID 1's Model to 1805.
[2016/2/22 - 7:51:13] Tommy Andrade has edited GateID 1's Position.
