[2016/1/13 - 1:4:11] Eddie Scarpa has edited HouseID 0's Exterior.
[2016/1/13 - 1:7:52] Eddie Scarpa has edited HouseID 0's Interior.
[2016/1/13 - 1:10:32] Eddie Scarpa has edited HouseID 0's Owner to Eddie_Scarpa.
[2016/1/13 - 1:10:57] Eddie Scarpa has edited HouseID 99's Exterior.
[2016/1/13 - 1:11:21] Eddie Scarpa has edited HouseID 99's Interior.
[2016/1/13 - 1:15:40] Eddie Scarpa has edited HouseID 0's Exterior.
[2016/1/13 - 1:15:49] Eddie Scarpa has edited HouseID 1's Exterior.
[2016/1/13 - 1:16:9] Eddie Scarpa has edited HouseID 4's Interior.
[2016/1/13 - 1:19:31] Eddie Scarpa has edited HouseID 1's Interior.
[2016/1/13 - 1:19:58] Eddie Scarpa has edited HouseID 1's Custom Exterior.
[2016/1/13 - 1:20:1] Eddie Scarpa has edited HouseID 1's Custom Exterior.
[2016/1/13 - 1:25:58] Tommy Sanders has edited HouseID 0's Exterior.
[2016/1/13 - 1:26:10] Tommy Sanders has edited HouseID 0's Class to 3.
[2016/1/13 - 1:31:0] Tommy Sanders has edited HouseID 0's Interior.
[2016/1/13 - 1:31:57] Eddie Scarpa has edited HouseID 0's Exterior.
[2016/1/13 - 1:32:32] Eddie Scarpa has edited HouseID 0's Exterior.
[2016/1/13 - 1:32:46] Eddie Scarpa has edited HouseID 0's Exterior.
[2016/1/13 - 1:34:28] Eddie Scarpa has edited HouseID 0's Exterior.
[2016/1/13 - 1:43:25] Tommy Sanders has edited HouseID 45's Exterior.
[2016/1/13 - 1:43:37] Tommy Sanders has edited HouseID 45's Class to 3.
[2016/1/13 - 1:47:44] Eddie Scarpa has edited HouseID 0's Exterior.
[2016/1/13 - 1:47:54] Eddie Scarpa has edited HouseID 99's Exterior.
[2016/1/13 - 1:53:17] Tommy Andrade has edited HouseID 0's Exterior.
[2016/1/13 - 1:55:21] Tommy Andrade has edited HouseID 0's Interior.
[2016/1/13 - 1:55:44] Tommy Andrade has edited HouseID 0's Price to $.
[2016/1/15 - 0:11:8] Eddie Scarpa has edited HouseID 1's Exterior.
[2016/1/15 - 0:57:33] Eddie Scarpa has edited HouseID 45's Exterior.
[2016/1/15 - 0:59:7] Eddie Scarpa has edited HouseID 45's Interior.
[2016/1/15 - 20:29:48] Gordon has edited HouseID 2's Exterior.
[2016/1/15 - 20:30:44] Gordon has edited HouseID 2's Exterior.
[2016/1/15 - 20:30:52] Gordon has edited HouseID 2's Exterior.
[2016/1/15 - 20:43:9] Gordon has edited HouseID 49's Interior.
[2016/1/15 - 20:43:19] Gordon has edited HouseID 49's Interior.
[2016/1/15 - 20:44:17] Gordon has edited HouseID 2's Interior.
[2016/1/15 - 20:44:26] Gordon has edited HouseID 2's Interior.
[2016/1/15 - 20:47:18] Gordon has edited HouseID 2's Interior.
[2016/1/15 - 20:47:28] Gordon has edited HouseID 2's Interior.
[2016/1/15 - 20:53:41] Gordon has edited HouseID 2's Interior.
[2016/1/15 - 22:30:25] Tommy Andrade has edited HouseID 45's Exterior.
[2016/1/15 - 22:30:34] Tommy Andrade has edited HouseID 45's Exterior.
[2016/1/15 - 22:30:40] Tommy Andrade has edited HouseID 45's Exterior.
[2016/1/15 - 22:30:43] Tommy Andrade has edited HouseID 45's Exterior.
[2016/1/15 - 22:30:44] Tommy Andrade has edited HouseID 45's Exterior.
[2016/1/15 - 22:56:50] Michael Sinclair has edited HouseID 3's Exterior.
[2016/1/15 - 22:56:55] Michael Sinclair has edited HouseID 3's Exterior.
[2016/1/15 - 23:1:15] Michael Sinclair has edited HouseID 3's Interior.
[2016/1/15 - 23:6:28] Michael Sinclair has edited HouseID 3's Interior.
[2016/1/17 - 6:54:5] Marcus Jackson has edited HouseID 4's Exterior.
[2016/1/17 - 6:55:24] Marcus Jackson has edited HouseID 999999999's Price to $.
[2016/1/17 - 6:55:32] Marcus Jackson has edited HouseID 0's Price to $.
[2016/1/17 - 16:39:49] Marcus Jackson has edited HouseID 5's Exterior.
[2016/1/17 - 16:43:39] Marcus Jackson has edited HouseID 5's Interior.
[2016/1/17 - 16:43:55] Marcus Jackson has edited HouseID 100000000's Price to $.
[2016/1/17 - 16:45:20] Marcus Jackson has edited HouseID 5's Level to 2.
[2016/1/17 - 16:45:23] Marcus Jackson has edited HouseID 5's Level to 10.
[2016/1/18 - 22:11:36] Tommy Andrade has edited HouseID 5's Exterior.
[2016/1/18 - 22:12:29] Tommy Andrade has edited HouseID 5's Exterior.
[2016/1/18 - 22:12:39] Tommy Andrade has edited HouseID 6's Exterior.
[2016/1/18 - 22:13:33] Tommy Andrade has edited HouseID 6's Interior.
[2016/1/18 - 23:48:21] Tommy Andrade has edited HouseID 7's Exterior.
[2016/1/18 - 23:48:58] Tommy Andrade has edited HouseID 7's Interior.
[2016/1/20 - 22:56:16] Tommy Andrade has edited HouseID 8's Exterior.
[2016/1/20 - 22:56:30] Tommy Andrade has edited HouseID 8's Interior.
[2016/1/20 - 23:39:57] Tommy Andrade has edited HouseID 8's Exterior.
[2016/1/26 - 15:24:2] Tommy Andrade has edited HouseID 10's Exterior.
[2016/1/26 - 15:25:7] Tommy Andrade has edited HouseID 10's Interior.
[2016/1/26 - 20:48:34] Tommy Andrade has edited HouseID 11's Exterior.
[2016/1/26 - 20:51:12] Tommy Andrade has edited HouseID 11's Interior.
[2016/1/26 - 23:18:48] Tommy Andrade has edited HouseID 0's Exterior.
[2016/1/26 - 23:19:43] Tommy Andrade has edited HouseID 0's Interior.
[2016/1/26 - 23:40:54] Tommy Andrade has edited HouseID 1's Exterior.
[2016/1/26 - 23:41:26] Tommy Andrade has edited HouseID 1's Interior.
[2016/1/27 - 10:54:37] Jeffrey Smith has edited HouseID 2's Exterior.
[2016/1/27 - 13:58:55] Tommy Andrade has edited HouseID 2's Interior.
[2016/1/27 - 14:0:6] Tommy Andrade has edited HouseID 2's Interior.
[2016/1/27 - 16:10:35] Tommy Andrade has edited HouseID 3's Exterior.
[2016/1/27 - 16:21:16] Tommy Andrade has edited HouseID 3's Interior.
[2016/1/27 - 17:14:10] Rafael Martinez has edited HouseID 4's Exterior.
[2016/1/27 - 17:15:57] Rafael Martinez has edited HouseID 4's Interior.
[2016/1/28 - 11:31:15] Jeffrey Smith has edited HouseID 5's Exterior.
[2016/1/28 - 11:31:51] Jeffrey Smith has edited HouseID 5's Interior.
[2016/1/28 - 19:27:38] Marcus Jackson has edited HouseID 6's Exterior.
[2016/1/28 - 19:32:4] Marcus Jackson has edited HouseID 0's Interior.
[2016/1/29 - 13:15:23] Tommy Andrade has edited HouseID 7's Exterior.
[2016/1/29 - 13:16:20] Tommy Andrade has edited HouseID 7's Interior.
[2016/1/29 - 19:46:58] Mike Andrade has edited HouseID 8's Exterior.
[2016/1/29 - 19:51:22] Mike Andrade has edited HouseID 8's Interior.
[2016/1/31 - 7:28:42] Eddie Scarpa has edited HouseID 2's Interior.
[2016/1/31 - 7:29:29] Eddie Scarpa has edited HouseID 2's Interior.
[2016/1/31 - 7:32:3] Tommy Andrade has edited HouseID 9's Exterior.
[2016/1/31 - 7:32:31] Tommy Andrade has edited HouseID 9's Interior.
[2016/1/31 - 7:34:5] Tommy Andrade has edited HouseID 9's Exterior.
[2016/1/31 - 23:33:56] Eddie Scarpa has edited HouseID 9's Exterior.
[2016/1/31 - 23:35:5] Eddie Scarpa has edited HouseID 9's Interior.
[2016/1/31 - 23:35:45] Eddie Scarpa has edited HouseID 9's Custom Interior.
[2016/1/31 - 23:35:47] Eddie Scarpa has edited HouseID 9's Custom Interior.
[2016/1/31 - 23:35:50] Eddie Scarpa has edited HouseID 9's Custom Exterior.
[2016/1/31 - 23:35:53] Eddie Scarpa has edited HouseID 9's Custom Exterior.
[2016/2/15 - 1:53:48] Tommy Andrade has edited HouseID 10's Exterior.
[2016/2/15 - 1:54:10] Tommy Andrade has edited HouseID 10's Interior.
[2016/2/15 - 1:55:2] Tommy Andrade has edited HouseID 10's Exterior.
[2016/2/15 - 1:55:26] Tommy Andrade has edited HouseID 10's Exterior.
[2016/2/17 - 14:44:7] Tommy Andrade has edited HouseID 11's Exterior.
[2016/2/17 - 14:51:25] Tommy Andrade has edited HouseID 11's Interior.
[2016/2/18 - 5:10:8] Tommy Andrade has edited HouseID 11's Exterior.
[2016/2/18 - 5:10:10] Tommy Andrade has edited HouseID 11's Exterior.
[2016/2/20 - 15:8:55] Reggie Monclair has edited HouseID 9's Exterior.
[2016/2/20 - 15:9:23] Reggie Monclair has edited HouseID 9's Exterior.
[2016/2/20 - 15:9:45] Reggie Monclair has edited HouseID 10's Exterior.
[2016/2/20 - 15:9:45] Tommy Andrade has edited HouseID 9's Exterior.
[2016/2/20 - 15:9:57] Tommy Andrade has edited HouseID 9's Exterior.
[2016/2/20 - 15:11:10] Reggie Monclair has edited HouseID 9's Interior.
[2016/2/20 - 15:12:39] Reggie Monclair has edited HouseID 12's Interior.
[2016/2/20 - 15:15:27] Reggie Monclair has edited HouseID 12's Interior.
[2016/2/20 - 15:16:22] Reggie Monclair has edited HouseID 9's Interior.
[2016/2/20 - 15:23:46] Reggie Monclair has edited HouseID 10's Interior.
[2016/2/20 - 15:24:55] Tommy Andrade has edited HouseID 10's Exterior.
[2016/2/20 - 17:20:43] Jeffrey Smith has edited HouseID 3's Custom Exterior.
[2016/2/21 - 20:54:3] Tommy Andrade has edited HouseID 10's Exterior.
[2016/2/21 - 20:55:59] Tommy Andrade has edited HouseID 10's Interior.
