[2015/11/24 - 15:53:44] Tommy Andrade has created a Super GT for Alice Moore (Color 1: 1 | Color 2: 1).
[2015/12/1 - 2:35:35] Tommy Andrade has created a Infernus for Tommy Andrade (Color 1: 0 | Color 2: 0).
[2015/12/1 - 2:35:43] Tommy Andrade has created a Huntley for Tommy Andrade (Color 1: 0 | Color 2: 0).
[2015/12/1 - 2:44:31] Tommy Andrade has created a Huntley for Tommy Andrade (Color 1: 1 | Color 2: 1).
[2015/12/1 - 2:45:43] Tommy Andrade has created a Infernus for Tommy Andrade (Color 1: 0 | Color 2: 0).
[2015/12/1 - 2:52:2] Tommy Andrade has created a Infernus for Tommy Andrade (Color 1: 0 | Color 2: 0).
[2015/12/1 - 2:52:12] Tommy Andrade has created a Huntley for Tommy Andrade (Color 1: 0 | Color 2: 0).
[2015/12/1 - 3:15:58] Tommy Andrade has created a Infernus for Tommy Andrade (Color 1: 0 | Color 2: 0).
[2015/12/1 - 3:19:25] Tommy Andrade has created a Huntley for Tommy Andrade (Color 1: 0 | Color 2: 0).
[2015/12/1 - 14:10:23] Tommy Andrade has created a Infernus for Tommy Andrade (Color 1: 0 | Color 2: 0).
[2015/12/3 - 17:16:0] Tommy Andrade has created a Huntley for Tommy Andrade (Color 1: 0 | Color 2: 0).
[2015/12/3 - 17:16:24] Tommy Andrade has created a Infernus for Tommy Andrade (Color 1: 0 | Color 2: 0).
[2015/12/6 - 1:27:31] Tommy Andrade has created a Buffalo for Tommy Andrade (Color 1: 0 | Color 2: 0).
[2015/12/6 - 1:31:56] Tommy Andrade has created a Infernus for Tommy Andrade (Color 1: 0 | Color 2: 0).
[2016/1/13 - 0:59:46] Eddie Scarpa has created a Utility Trailer for Eddie Scarpa (Color 1: 3 | Color 2: 0).
[2016/1/13 - 1:3:1] Eddie Scarpa has created a Glendale for Eddie Scarpa (Color 1: 3 | Color 2: 0).
[2016/1/13 - 2:0:33] Steven Ramos has created a Infernus for Steven Ramos (Color 1: 0 | Color 2: 0).
[2016/1/13 - 2:8:15] Steven Ramos has created a Tropic for Steven Ramos (Color 1: 0 | Color 2: 0).
[2016/1/13 - 2:18:15] Steven Ramos has created a Police Car (LCPD) for Steven Ramos (Color 1: 93 | Color 2: 1).
[2016/1/13 - 2:19:36] Steven Ramos has created a Police Car (VCPD) for Steven Ramos (Color 1: 114 | Color 2: 1).
[2016/1/13 - 2:23:35] Eddie Scarpa has destroyed Eddie Scarpa's Glendale.
[2016/1/13 - 2:24:9] Eddie Scarpa has created a Infernus for Eddie Scarpa (Color 1: 3 | Color 2: 0).
[2016/1/13 - 2:24:19] Steven Ramos has created a NRG-500 for Steven Ramos (Color 1: 0 | Color 2: 0).
[2016/1/13 - 2:24:49] Eddie Scarpa has created a Bullet for Eddie Scarpa (Color 1: 3 | Color 2: 0).
[2016/1/13 - 20:11:57] Tommy Sanders has created a Sultan for Tommy Sanders (Color 1: 0 | Color 2: 0).
[2016/1/13 - 20:14:19] Tommy Sanders has created a Maverick for Tommy Sanders (Color 1: 0 | Color 2: 0).
[2016/1/13 - 20:21:45] Tommy has created a Maverick for Michael Sinclair (Color 1: 0 | Color 2: 0).
[2016/1/15 - 11:28:5] Eddie Scarpa has created a Utility Trailer for Eddie Scarpa (Color 1: 3 | Color 2: 0).
[2016/1/15 - 11:28:20] Eddie Scarpa has destroyed Eddie Scarpa's Utility Trailer.
[2016/1/15 - 16:31:15] Michael Sinclair has created a Sultan for Bradley Irving (Color 1: 1 | Color 2: 1).
[2016/1/15 - 16:53:5] Michael Sinclair has created a Police Car (VCPD) for Michael Sinclair (Color 1: 0 | Color 2: 0).
[2016/1/15 - 16:53:38] Michael Sinclair has created a Police Car (LCPD) for Michael Sinclair (Color 1: 0 | Color 2: 1).
[2016/1/15 - 16:53:49] Gordon has created a Police Car (VCPD) for Bradley Irving (Color 1: 0 | Color 2: 0).
[2016/1/15 - 17:32:54] Tommy Rogers has created a Sultan for Tommy Rogers (Color 1: 0 | Color 2: 0).
[2016/1/17 - 5:51:22] Marcus Jackson has created a Cheetah for Marcus Jackson (Color 1: 1 | Color 2: 1).
[2016/1/17 - 6:53:0] Marcus Jackson has created a Infernus for Marcus Jackson (Color 1: 3 | Color 2: 3).
[2016/1/18 - 20:15:31] Tommy Andrade has created a Infernus for Tommy Andrade (Color 1: 0 | Color 2: 0).
[2016/1/18 - 20:20:40] Tommy Andrade has created a FBI Rancher for Tommy Andrade (Color 1: 0 | Color 2: 0).
[2016/1/18 - 20:22:10] Tommy Andrade has created a Huntley for Tommy Andrade (Color 1: 0 | Color 2: 0).
[2016/1/18 - 20:29:43] Tommy Andrade has created a Buffalo for Tommy Andrade (Color 1: 0 | Color 2: 0).
[2016/1/18 - 20:30:58] Tommy Andrade has created a Bullet for Tommy Andrade (Color 1: 0 | Color 2: 0).
[2016/1/18 - 20:40:41] Tommy Andrade has created a Shamal for Tyler Baxter (Color 1: 1 | Color 2: 1).
[2016/1/18 - 20:41:5] Tommy Andrade has created a Shamal for Tommy Andrade (Color 1: 1 | Color 2: 1).
[2016/1/18 - 20:44:53] Tommy Andrade has created a Shamal for Tommy Andrade (Color 1: 0 | Color 2: 0).
[2016/1/21 - 15:0:29] Tommy Andrade has created a Infernus for Tommy Andrade (Color 1: 0 | Color 2: 0).
[2016/1/21 - 15:4:37] Tommy Andrade has created a Huntley for Tommy Andrade (Color 1: 0 | Color 2: 0).
[2016/1/25 - 0:13:49] Tommy Andrade has created a Shamal for Jacob Jones (Color 1: 0 | Color 2: 0).
[2016/1/25 - 0:14:1] Tommy Andrade has created a Shamal for Tommy Andrade (Color 1: 0 | Color 2: 0).
[2016/1/25 - 1:47:27] Tommy Andrade has created a Infernus for Mike Andrade (Color 1: 0 | Color 2: 0).
[2016/1/25 - 17:57:3] Tommy Andrade has created a Shamal for Tommy Andrade (Color 1: 0 | Color 2: 0).
[2016/1/27 - 14:2:59] Tommy Andrade has created a NRG-500 for Tommy Andrade (Color 1: 0 | Color 2: 0).
[2016/1/27 - 14:3:37] Tommy Andrade has created a NRG-500 for Ludwig Adkins (Color 1: 0 | Color 2: 0).
[2016/1/27 - 14:41:5] Tommy Andrade has created a Shamal for Tommy Andrade (Color 1: 0 | Color 2: 0).
[2016/1/27 - 14:42:11] Tommy Andrade has created a Shamal for Ludwig Adkins (Color 1: 0 | Color 2: 0).
[2016/1/27 - 14:43:5] Tommy Andrade has created a Shamal for Ludwig Adkins (Color 1: 0 | Color 2: 0).
[2016/1/27 - 14:46:31] Tommy Andrade has created a Shamal for Ludwig Adkins (Color 1: 0 | Color 2: 0).
[2016/1/27 - 14:47:6] Tommy Andrade has created a Infernus for Ludwig Adkins (Color 1: 0 | Color 2: 0).
[2016/1/28 - 22:18:29] Johnny Corozzo has created a Bullet for Johnny Corozzo (Color 1: 1 | Color 2: 1).
[2016/1/31 - 7:41:37] Eddie Scarpa has created a Utility Trailer for Eddie Scarpa (Color 1: 3 | Color 2: 0).
[2016/1/31 - 7:41:56] Eddie Scarpa has created a Trailer for Eddie Scarpa (Color 1: 3 | Color 2: 0).
[2016/1/31 - 7:42:7] Eddie Scarpa has destroyed Eddie Scarpa's Trailer.
[2016/1/31 - 7:42:25] Eddie Scarpa has created a Trailer for Eddie Scarpa (Color 1: 3 | Color 2: 0).
[2016/1/31 - 7:43:7] Eddie Scarpa has destroyed Eddie Scarpa's Trailer.
[2016/1/31 - 7:43:30] Eddie Scarpa has created a Glendale for Eddie Scarpa (Color 1: 3 | Color 2: 0).
[2016/1/31 - 7:44:0] Eddie Scarpa has created a Trailer for Eddie Scarpa (Color 1: 3 | Color 2: 0).
[2016/1/31 - 7:44:37] Eddie Scarpa has destroyed Eddie Scarpa's Glendale.
[2016/1/31 - 7:44:40] Eddie Scarpa has destroyed Eddie Scarpa's Trailer.
[2016/1/31 - 7:44:51] Eddie Scarpa has created a Luggage Trailer A for Eddie Scarpa (Color 1: 3 | Color 2: 0).
[2016/1/31 - 7:45:11] Eddie Scarpa has destroyed Eddie Scarpa's Luggage Trailer A.
[2016/1/31 - 7:49:4] Eddie Scarpa has destroyed Eddie Scarpa's Utility Trailer.
[2016/1/31 - 23:36:50] Eddie Scarpa has created a Utility Trailer for Eddie Scarpa (Color 1: 3 | Color 2: 0).
[2016/1/31 - 23:37:3] Eddie Scarpa has created a Bullet for Eddie Scarpa (Color 1: 3 | Color 2: 0).
[2016/2/17 - 21:21:0] Tommy Andrade has created a Buffalo for Tommy Andrade (Color 1: 0 | Color 2: 0).
[2016/2/17 - 22:58:15] Tommy Andrade has created a Banshee for Tommy Andrade (Color 1: 0 | Color 2: 0).
[2016/2/17 - 23:0:21] Tommy Andrade has created a Huntley for Tommy Andrade (Color 1: 0 | Color 2: 0).
[2016/2/17 - 23:1:43] Tommy Andrade has created a Bullet for Tommy Andrade (Color 1: 0 | Color 2: 0).
[2016/2/21 - 8:33:16] Andrew has created a Previon for Andrew (Color 1: 1 | Color 2: 1).
[2016/2/21 - 8:33:37] Andrew has destroyed Andrew's Previon.
[2016/2/21 - 8:33:45] Andrew has created a Benson for Andrew (Color 1: 1 | Color 2: 1).
[2016/2/21 - 8:34:2] Andrew has destroyed Andrew's Benson.
[2016/3/2 - 11:7:59] Reggie has created a Combine for Reggie (Color 1: 100 | Color 2: 100).
[2016/3/2 - 11:9:28] Reggie has created a Sabre for Reggie (Color 1: 120 | Color 2: 120).
