[2015/11/24 - 15:52:19] Tommy Andrade has set Alice Moore's credits to 400.
[2015/11/24 - 16:21:34]    Tommy Andrade's hours has been set to 5. by Tommy Andrade
[2015/11/24 - 16:21:38]    Tommy Andrade's Weapon Restricted Time has been set to 0. by Tommy Andrade
[2015/11/24 - 16:29:31] Tommy Andrade has set Gabriel Cheredre's credits to 300.
[2015/11/24 - 16:36:7] Tommy Andrade has set Tommy Andrade's credits to 300.
[2015/11/24 - 16:37:1] Tommy Andrade has set Gabriel Cheredre's credits to 300.
[2015/11/24 - 16:42:15] Tommy Andrade has set Gabriel Cheredre's credits to 300.
[2015/11/24 - 16:46:6] Tommy Andrade has set Gabriel Cheredre's credits to 500.
[2015/11/24 - 21:53:56]    Alice Moore's Level has been set to 59. by Tommy Andrade
[2015/11/24 - 21:55:9] Tommy Andrade changed "Tommy Andrade"s name to "Tyler Blair"
[2015/11/24 - 21:55:34] Tommy Andrade changed "Tommy Andrade"s name to "Tommy Andrade"
[2015/11/24 - 22:52:20] Tommy Andrade has set Tommy Andrade's credits to 2000.
[2015/11/24 - 23:9:57] Tommy Andrade has set Alice Moore's to $50000 (/setmoney)
[2015/11/24 - 23:10:1] Tommy Andrade has set Tommy Andrade's to $50000 (/setmoney)
[2015/11/24 - 23:17:55] Tommy Andrade has set Alice Moore's to $60000 (/setmoney)
[2015/11/24 - 23:18:2] Tommy Andrade has set Tommy Andrade's to $60000 (/setmoney)
[2015/11/24 - 23:18:28]    Alice Moore's hours has been set to 5. by Tommy Andrade
[2015/11/24 - 23:18:30]    Alice Moore's Weapon Restricted Time has been set to 0. by Tommy Andrade
[2015/11/24 - 23:57:35] Tommy Andrade has set Alice Moore's to $50000 (/setmoney)
[2015/11/24 - 23:57:41] Tommy Andrade has set Tommy Andrade's to $50000 (/setmoney)
[2015/12/1 - 2:34:20] Tommy Andrade has set Tommy Andrade's credits to 1000.
[2015/12/1 - 2:43:25] Tommy Andrade has set Tommy Andrade's credits to 1000.
[2015/12/1 - 2:51:34] Tommy Andrade has set Tommy Andrade's credits to 1000.
[2015/12/1 - 13:29:29]    Tommy Andrade's hours has been set to 5. by Tommy Andrade
[2015/12/1 - 13:29:35]    Tommy Andrade's Weapon Restricted Time has been set to 0. by Tommy Andrade
[2015/12/3 - 14:18:9] Tommy Andrade has set Tommy Andrade's to $50000 (/setmoney)
[2015/12/3 - 14:22:41] Tommy Andrade has set Tommy Andrade's to $30000 (/setmoney)
[2015/12/3 - 14:30:46] Tommy Andrade has set Tommy Andrade's to $40000 (/setmoney)
[2015/12/6 - 1:19:49] Tommy Andrade has set Steven Ramos's credits to 500.
[2015/12/6 - 1:27:51] Tommy Andrade has set Tommy Andrade's credits to 500.
[2015/12/6 - 1:30:14] Tommy Andrade has set Steven Ramos's credits to 500.
[2015/12/6 - 1:32:10]    Steven Ramos's Level has been set to 3. by Tommy Andrade
[2015/12/6 - 1:32:21]    Tommy Andrade's Level has been set to 3. by Tommy Andrade
[2015/12/6 - 2:10:9]    Steven Ramos's hours has been set to 5. by Tommy Andrade
[2015/12/6 - 2:10:11]    Steven Ramos's Weapon Restricted Time has been set to 0. by Tommy Andrade
[2015/12/6 - 2:10:28] Tommy Andrade has set Steven Ramos's to $10000 (/setmoney)
[2015/12/6 - 2:10:38] Tommy Andrade has set Steven Ramos's to $30000 (/setmoney)
[2015/12/6 - 2:31:40] Tommy Andrade has set Steven Ramos's to $70000 (/setmoney)
[2015/12/6 - 2:32:2] Tommy Andrade has set Tommy Andrade's to $70000 (/setmoney)
[2015/12/6 - 2:37:49] Tommy Andrade has set Steven Ramos's credits to 2500.
[2015/12/6 - 11:42:14] Tommy Andrade has set Tommy Andrade's to $0 (/setmoney)
[2015/12/6 - 16:58:14] Tommy Andrade has set Tommy Andrade's to $17000 (/setmoney)
[2016/1/9 - 3:39:50]    Jack P Cassidy's hours has been set to 2. by Tommy Andrade
[2016/1/9 - 3:39:56]    Jack P Cassidy's Weapon Restricted Time has been set to 0. by Tommy Andrade
[2016/1/9 - 16:30:27] Tommy Andrade has set Tommy Andrade's to $0 (/setmoney)
[2016/1/11 - 2:1:59] Eddie Scarpa has given Eddie Scarpa $50000 (/givemoney)
[2016/1/11 - 13:17:55] Tommy Andrade has set Tommy Andrade's Reward Points to 1200.
[2016/1/12 - 14:10:1] Tommy Andrade changed "Grand Max"s name to "Max_Grand" for free (non-RP name).
[2016/1/13 - 1:8:7] Eddie Scarpa has given Eddie Scarpa $50000 (/givemoney)
[2016/1/13 - 1:9:1]    Eddie Scarpa's Level has been set to 2. by Eddie Scarpa
[2016/1/13 - 1:41:30]    Tommy Sanders's hours has been set to 55. by Tommy Sanders
[2016/1/13 - 1:41:36]    Tommy Sanders's Level has been set to 3. by Tommy Sanders
[2016/1/13 - 1:41:40]    Tommy Sanders's Weapon Restricted Time has been set to 5. by Tommy Sanders
[2016/1/13 - 1:41:41]    Tommy Sanders's Weapon Restricted Time has been set to 0. by Tommy Sanders
[2016/1/13 - 1:56:15]    Steven Ramos's Level has been set to 2. by Steven Ramos
[2016/1/13 - 2:47:1] Steven Ramos has set Steven Ramos's to $75000 (/setmoney)
[2016/1/13 - 5:9:43] Tommy Andrade changed "Edward Conner"s name to "Eddie_Green" for free (non-RP name).
[2016/1/13 - 5:11:33] Tommy Andrade changed "Jack P Cassidy"s name to "Edward_Conner" for free (non-RP name).
[2016/1/13 - 13:23:5]    Ben Warren's hours has been set to 2. by Tommy Andrade
[2016/1/13 - 13:23:14]    Ben Warren's Weapon Restricted Time has been set to 0. by Tommy Andrade
[2016/1/13 - 14:48:4] Tommy Andrade has given Josh Warren $17000 (/givemoney)
[2016/1/13 - 16:4:32] Tommy Andrade changed "Adrian 23"s name to "Adrian_Jimenez" for free (non-RP name).
[2016/1/13 - 18:40:26] Tommy Andrade has given Michael Sinclair $8000 (/givemoney)
[2016/1/13 - 19:21:1]    Marcus Jackson's hours has been set to 3. by Marcus Jackson
[2016/1/13 - 19:21:5]    Marcus Jackson's Weapon Restricted Time has been set to 0. by Marcus Jackson
[2016/1/13 - 20:6:10] Tommy Andrade has set Michael Sinclair's Reward Points to 1000.
[2016/1/13 - 20:16:49] Gordon Mahone changed "Gordon Mahone"s name to "Gordon"
[2016/1/13 - 20:17:3] Tommy Sanders changed "Tommy Sanders"s name to "Tommy"
[2016/1/13 - 21:9:25] Tommy changed "Steven Ramos"s name to "Steven"
[2016/1/13 - 21:10:32] Steven changed "Steven"s name to "Steven_Ramos"
[2016/1/13 - 21:17:20] Mike Andrade changed "Mike Andrade"s name to "Mike"
[2016/1/13 - 23:50:24] Tommy changed "Tommy"s name to "Tommy_Rogers"
[2016/1/14 - 15:6:11] Gordon changed "Edward Conner"s name to "Jack_Baker" for free (non-RP name).
[2016/1/15 - 0:15:4] Eddie Scarpa has given Eddie Scarpa $500000 (/givemoney)
[2016/1/15 - 0:15:12] Eddie Scarpa has given Eddie Scarpa $500000 (/givemoney)
[2016/1/15 - 0:15:19] Eddie Scarpa has given Eddie Scarpa $500000 (/givemoney)
[2016/1/15 - 0:15:45]    Eddie Scarpa's Bank Account has been set to $5000000. by Eddie Scarpa
[2016/1/15 - 0:15:56]    Eddie Scarpa's Phone Number has been set to 5949. by Eddie Scarpa
[2016/1/15 - 16:8:4]    Tommy Andrade's Job has been set to 18. by Tommy Andrade
[2016/1/15 - 16:8:21]    Tommy Andrade's Materials have been set to 5000. by Tommy Andrade
[2016/1/15 - 16:9:34]    Gordon's Job has been set to 18. by Tommy Andrade
[2016/1/15 - 16:9:41]    Gordon's Materials have been set to 5000. by Tommy Andrade
[2016/1/15 - 16:54:19]    Bradley Irving's Bank Account has been set to $100000. by Michael Sinclair
[2016/1/15 - 17:37:2] Michael Sinclair changed "Michael Sinclair"s name to "Tyrone_Blackman"
[2016/1/15 - 17:37:5] Tyrone Blackman changed "Tyrone Blackman"s name to "Michael_Sinclair"
[2016/1/15 - 19:3:34] Tommy Rogers changed "Tommy Rogers"s name to "Richardo"
[2016/1/15 - 21:34:59] Gordon changed "Bradley Irving"s name to "Irving"
[2016/1/15 - 23:1:29] Tommy Andrade has set Tommy Andrade's to $1 (/setmoney)
[2016/1/15 - 23:48:33] Tommy Andrade has set Tommy Andrade's to $50000 (/setmoney)
[2016/1/16 - 1:22:46] Tommy Andrade has set Tommy Andrade's to $1 (/setmoney)
[2016/1/16 - 2:31:45]    Eddie Scarpa's Bank Account has been set to $100000. by Eddie Scarpa
[2016/1/16 - 2:31:56]    Eddie Scarpa's Bank Account has been set to $100000. by Eddie Scarpa
[2016/1/16 - 2:34:53]    Tommy Andrade's Materials have been set to 5000. by Tommy Andrade
[2016/1/16 - 15:16:56] Tommy Andrade has set Tommy Andrade's to $50000 (/setmoney)
[2016/1/16 - 15:19:13] Mike Andrade has set Mike Andrade's to $50000 (/setmoney)
[2016/1/16 - 15:38:33] Tommy Andrade has set Tommy Andrade's to $1000000 (/setmoney)
[2016/1/16 - 15:39:1] Tommy Andrade has set Tommy Andrade's to $1200000 (/setmoney)
[2016/1/16 - 15:48:58] Richardo changed "Richardo"s name to "Alex_Anderson"
[2016/1/16 - 22:59:34] Tommy Andrade has given Jacob Jones $10000 (/givemoney)
[2016/1/16 - 23:14:42] Tommy Andrade has given Jacob Jones $10000 (/givemoney)
[2016/1/17 - 6:28:41]    Adam Crews's hours has been set to 2. by Marcus Jackson
[2016/1/17 - 6:28:47]    Adam Crews's Weapon Restricted Time has been set to 0. by Marcus Jackson
[2016/1/17 - 6:29:44]    Adam Crews's Respect Points have been set to 1. by Adam Crews
[2016/1/17 - 6:29:48]    Adam Crews's Respect Points have been set to 2. by Adam Crews
[2016/1/17 - 13:12:5] Tommy Andrade changed "Evan Abagail"s name to "Evan_Abagailss" for free (non-RP name).
[2016/1/17 - 16:25:29] Marcus Jackson has set Marcus Jackson's to $100000 (/setmoney)
[2016/1/17 - 16:44:21] Marcus Jackson has set Marcus Jackson's to $100000000 (/setmoney)
[2016/1/17 - 16:44:31] Marcus Jackson has set Marcus Jackson's to $1000000000 (/setmoney)
[2016/1/17 - 16:44:55] Marcus Jackson has set Marcus Jackson's to $0 (/setmoney)
[2016/1/18 - 17:22:26] Marcus Jackson has set Marcus Jackson's to $600000000 (/setmoney)
[2016/1/18 - 17:22:55] Marcus Jackson has set Marcus Jackson's to $600000000 (/setmoney)
[2016/1/18 - 17:23:6] Marcus Jackson has set Marcus Jackson's to $1705032704 (/setmoney)
[2016/1/18 - 17:25:3]    Marcus Jackson's Phone Number has been set to 1000000. by Marcus Jackson
[2016/1/18 - 17:25:9]    Marcus Jackson's Phone Number has been set to 19912. by Marcus Jackson
[2016/1/18 - 17:25:19]    Marcus Jackson's Upgrade Points has been set 10000000. by Marcus Jackson
[2016/1/18 - 17:25:29]    Marcus Jackson's Respect Points have been set to 10000000. by Marcus Jackson
[2016/1/18 - 17:25:44]    Marcus Jackson's Detective Skill has been set to 5. by Marcus Jackson
[2016/1/18 - 17:25:50]    Marcus Jackson's Lawyer Skill has been set to 5. by Marcus Jackson
[2016/1/18 - 17:25:54]    Marcus Jackson's Car Mechanic Skill has been set to 5. by Marcus Jackson
[2016/1/18 - 17:25:56]    Marcus Jackson's News Reporter Skill has been set to 5. by Marcus Jackson
[2016/1/18 - 17:26:2]    Invalid stat code. by Marcus Jackson
[2016/1/18 - 17:26:14]    Marcus Jackson's Drug Dealer Skill has been set to 5. by Marcus Jackson
[2016/1/18 - 17:26:22]    Marcus Jackson's Box Skill has been set to 5. by Marcus Jackson
[2016/1/18 - 17:26:24]    Marcus Jackson's Arms Skill has been set to 5. by Marcus Jackson
[2016/1/18 - 17:26:35]    Marcus Jackson's Materials have been set to 100000000. by Marcus Jackson
[2016/1/18 - 17:26:37]    Marcus Jackson's Materials have been set to 1000000000. by Marcus Jackson
[2016/1/18 - 17:27:10]    Marcus Jackson's Pot has been set to 1000000000. by Marcus Jackson
[2016/1/18 - 17:27:13]    Marcus Jackson's Crack has been set to 1000000000. by Marcus Jackson
[2016/1/18 - 17:28:23]    Marcus Jackson's Drug Dealer Skill has been set to 10. by Marcus Jackson
[2016/1/18 - 17:28:29]    Marcus Jackson's Drug Dealer Skill has been set to 10. by Marcus Jackson
[2016/1/18 - 17:30:4]    Marcus Jackson's Pot has been set to 0. by Marcus Jackson
[2016/1/18 - 17:30:6]    Marcus Jackson's Crack has been set to 0. by Marcus Jackson
[2016/1/18 - 17:30:32]    Marcus Jackson's Drug Crates have been set to 0. by Marcus Jackson
[2016/1/18 - 17:30:36]    Marcus Jackson's Drug Crates have been set to 1000. by Marcus Jackson
[2016/1/18 - 17:30:47]    Marcus Jackson's Screwdrivers have been set to 1. by Marcus Jackson
[2016/1/18 - 17:30:51]    Marcus Jackson's Screwdrivers have been set to 100. by Marcus Jackson
[2016/1/18 - 17:31:13] Marcus Jackson has set Marcus Jackson's to $300000 (/setmoney)
[2016/1/18 - 20:15:44] Tommy Andrade has set Tommy Andrade's Reward Points to 1000.
[2016/1/18 - 22:22:53] Tommy Andrade has set Tommy Andrade's Reward Points to 200.
[2016/1/18 - 23:47:5] Tommy Andrade has set Tommy Andrade's Reward Points to 5000.
[2016/1/19 - 13:46:36] Jeffrey Smith has given Jeffrey Smith $25000 (/givemoney)
[2016/1/19 - 23:38:9] Tyler Baxter changed "Tyler Baxter"s name to "Rafael_Martinez"
[2016/1/21 - 14:46:20]    Scarlette Renchurch's hours has been set to 2. by Tommy Andrade
[2016/1/21 - 14:46:31]    Scarlette Renchurch's Respect Points have been set to 2. by Tommy Andrade
[2016/1/21 - 15:19:8] Tommy Andrade has set Tommy Andrade's Reward Points to 500.
[2016/1/23 - 22:56:49] Tommy Andrade has set Tommy Andrade's to $50000 (/setmoney)
[2016/1/23 - 23:35:41] Tommy Andrade has set Tommy Andrade's Reward Points to 5000.
[2016/1/23 - 23:41:17]    Tommy Andrade's Job has been set to 6. by Tommy Andrade
[2016/1/23 - 23:41:22]    Tommy Andrade's Job has been set to 7. by Tommy Andrade
[2016/1/23 - 23:41:26]    Tommy Andrade's Job has been set to 8. by Tommy Andrade
[2016/1/23 - 23:41:32]    Tommy Andrade's Job has been set to 9. by Tommy Andrade
[2016/1/23 - 23:41:42]    Tommy Andrade's Job has been set to 10. by Tommy Andrade
[2016/1/23 - 23:41:47]    Tommy Andrade's Job has been set to 11. by Tommy Andrade
[2016/1/23 - 23:41:50]    Tommy Andrade's Job has been set to 12. by Tommy Andrade
[2016/1/23 - 23:41:52]    Tommy Andrade's Job has been set to 13. by Tommy Andrade
[2016/1/23 - 23:41:54]    Tommy Andrade's Job has been set to 14. by Tommy Andrade
[2016/1/23 - 23:41:57]    Tommy Andrade's Job has been set to 15. by Tommy Andrade
[2016/1/23 - 23:41:59]    Tommy Andrade's Job has been set to 16. by Tommy Andrade
[2016/1/23 - 23:42:1]    Tommy Andrade's Job has been set to 17. by Tommy Andrade
[2016/1/23 - 23:42:4]    Tommy Andrade's Job has been set to 18. by Tommy Andrade
[2016/1/23 - 23:42:8]    Tommy Andrade's Job has been set to 1. by Tommy Andrade
[2016/1/23 - 23:42:10]    Tommy Andrade's Job has been set to 2. by Tommy Andrade
[2016/1/23 - 23:42:16]    Tommy Andrade's Job has been set to 3. by Tommy Andrade
[2016/1/23 - 23:42:24]    Tommy Andrade's Job has been set to 4. by Tommy Andrade
[2016/1/23 - 23:42:32]    Tommy Andrade's Job has been set to 5. by Tommy Andrade
[2016/1/23 - 23:42:37]    Tommy Andrade's Job has been set to 6. by Tommy Andrade
[2016/1/23 - 23:42:41]    Tommy Andrade's Job has been set to 7. by Tommy Andrade
[2016/1/23 - 23:42:43]    Tommy Andrade's Job has been set to 7. by Tommy Andrade
[2016/1/23 - 23:42:46]    Tommy Andrade's Job has been set to 8. by Tommy Andrade
[2016/1/23 - 23:43:2]    Tommy Andrade's Job has been set to 9. by Tommy Andrade
[2016/1/23 - 23:43:5]    Tommy Andrade's Job has been set to 8. by Tommy Andrade
[2016/1/23 - 23:43:7]    Tommy Andrade's Job has been set to 9. by Tommy Andrade
[2016/1/23 - 23:43:13]    Tommy Andrade's Job has been set to 10. by Tommy Andrade
[2016/1/23 - 23:43:16]    Tommy Andrade's Job has been set to 11. by Tommy Andrade
[2016/1/23 - 23:43:22]    Tommy Andrade's Job has been set to 12. by Tommy Andrade
[2016/1/23 - 23:43:24]    Tommy Andrade's Job has been set to 13. by Tommy Andrade
[2016/1/23 - 23:43:28]    Tommy Andrade's Job has been set to 19. by Tommy Andrade
[2016/1/24 - 0:5:18] Tommy Andrade has set Jacob Jones's to $120000 (/setmoney)
[2016/1/24 - 0:5:40] Tommy Andrade has set Jacob Jones's Reward Points to 1000.
[2016/1/24 - 0:6:9]    Jacob Jones's Level has been set to 2. by Tommy Andrade
[2016/1/24 - 0:6:50]    Jacob Jones's hours has been set to 9. by Tommy Andrade
[2016/1/24 - 0:6:52]    Jacob Jones's Weapon Restricted Time has been set to 0. by Tommy Andrade
[2016/1/24 - 1:13:42] Mike Andrade has set Frank Andrade's to $20000 (/setmoney)
[2016/1/24 - 1:13:55] Mike Andrade has set Frank Andrade's to $20000 (/setmoney)
[2016/1/24 - 1:14:16] Mike Andrade has set Frank Andrade's to $25000 (/setmoney)
[2016/1/25 - 17:47:52]    Jacob Jones's Bank Account has been set to $200000. by Tommy Andrade
[2016/1/26 - 16:55:2] Tommy Andrade has set Tommy Andrade's Reward Points to 100.
[2016/1/26 - 16:58:10] Tommy Andrade has set Ludwig Adkins's Reward Points to 500.
[2016/1/26 - 16:58:18] Tommy Andrade has set Ludwig Adkins's to $250000 (/setmoney)
[2016/1/26 - 16:58:55] Tommy Andrade has set Tommy Andrade's Reward Points to 100.
[2016/1/26 - 17:1:59] Tommy Andrade changed "Ludwig Adkins"s name to "Maravilla_Martinez" for free (non-RP name).
[2016/1/26 - 17:3:43] Tommy Andrade has set Ludwig Adkins's Reward Points to 500.
[2016/1/26 - 17:3:49] Tommy Andrade has set Ludwig Adkins's to $250000 (/setmoney)
[2016/1/26 - 18:29:37] Marcus Jackson has set Marcus Jackson's to $400000 (/setmoney)
[2016/1/26 - 18:30:5]    Marcus Jackson's Level has been set to 3. by Marcus Jackson
[2016/1/26 - 18:30:23]    Rafael Martinez's hours has been set to 12. by Marcus Jackson
[2016/1/26 - 18:46:19]    Marcus Jackson's Level has been set to 2. by Marcus Jackson
[2016/1/26 - 20:34:20] Tommy Andrade has given Ludwig Adkins $100000 (/givemoney)
[2016/1/26 - 21:45:3] Tommy Andrade has set Tommy Andrade's Reward Points to 10.
[2016/1/26 - 21:55:42] Jeffrey Smith changed "Kyle Cooper"s name to "Pedro_Mendez" for free (hitman or FBI).
[2016/1/27 - 0:9:12]    Tommy Andrade's Level has been set to 11. by Tommy Andrade
[2016/1/27 - 0:9:22] Tommy Andrade has set Tommy Andrade's to $500000 (/setmoney)
[2016/1/27 - 0:19:22] Tommy Andrade has set Tommy Andrade's to $500000 (/setmoney)
[2016/1/27 - 14:47:19] Tommy Andrade has given Ludwig Adkins $100000 (/givemoney)
[2016/1/27 - 15:30:57] Tommy Andrade has given Lorenzo Jondetti $100000 (/givemoney)
[2016/1/27 - 15:31:8] Tommy Andrade has set Lorenzo Jondetti's Reward Points to 500.
[2016/1/27 - 16:2:16] Tommy Andrade has set Lorenzo Jondetti's Reward Points to 100.
[2016/1/27 - 16:2:29] Tommy Andrade has given Lorenzo Jondetti $100000 (/givemoney)
[2016/1/27 - 17:12:11] Tommy Andrade has given Aleks Grand $100000 (/givemoney)
[2016/1/28 - 13:14:4] Jeffrey Smith changed "Mix Grand"s name to "Mihael_Grand" for free (non-RP name).
[2016/1/28 - 20:0:17] Marcus Jackson has given Marcus Jackson $1000 (/givemoney)
[2016/1/28 - 20:0:24] Marcus Jackson has given Marcus Jackson $1000000000 (/givemoney)
[2016/1/28 - 20:2:18] Marcus Jackson has set Marcus Jackson's to $400000 (/setmoney)
[2016/1/28 - 22:15:14]    Johnny Corozzo's Job has been set to 1. by Johnny Corozzo
[2016/1/28 - 22:16:12]    Johnny Corozzo's Rank has been to 5. by Johnny Corozzo
[2016/1/28 - 22:42:2]    Johnny Corozzo's Level has been set to 4. by Johnny Corozzo
[2016/1/28 - 22:59:48]    Johnny Corozzo's hours has been set to 5. by Johnny Corozzo
[2016/1/28 - 23:9:23]    Johnny Corozzo's hours has been set to 4. by Johnny Corozzo
[2016/1/28 - 23:9:31]    Johnny Corozzo's Weapon Restricted Time has been set to 1. by Johnny Corozzo
[2016/1/28 - 23:20:37]    Johnny Corozzo's Weapon Restricted Time has been set to 0. by Johnny Corozzo
[2016/1/29 - 5:1:14] Austin Monaghan changed "Austin Monaghan"s name to "Roy_Zangrosso"
[2016/1/29 - 5:11:56] Tommy Andrade has given Roy Zangrosso $5000 (/givemoney)
[2016/1/30 - 12:14:17] Jeffrey Smith changed "Andrew Jonathon"s name to "relog"
[2016/1/30 - 22:0:8] Tommy Andrade has given Jordan Harris $10000 (/givemoney)
[2016/1/30 - 22:18:48] Tommy Andrade changed "Mike Andrade"s name to "Michelle_Harris"
[2016/1/30 - 22:27:52] Tommy Andrade changed "Michelle Harris"s name to "I_Am_A_Dumb_Fuck"
[2016/1/30 - 22:28:4] Tommy Andrade changed "Michelle Harris"s name to "John_Lenon"
[2016/1/30 - 22:29:16]    Charles Jefferson's Weapon Restricted Time has been set to 0. by Tommy Andrade
[2016/1/30 - 22:29:23]    Charles Jefferson's hours has been set to 3. by Tommy Andrade
[2016/1/30 - 22:30:17] John Lenon changed "John Lenon"s name to "Saphire_Jeffereson"
[2016/1/30 - 22:44:47] Saphire Jeffereson changed "Saphire Jeffereson"s name to "Tony_Harris"
[2016/1/30 - 23:6:2] Tommy Andrade has given Charles Jefferson $2200 (/givemoney)
[2016/1/31 - 1:56:32]    Tommy Andrade's Job has been set to 1. by Tommy Andrade
[2016/1/31 - 1:56:36]    Tommy Andrade's Job has been set to 8. by Tommy Andrade
[2016/1/31 - 2:8:46]    Tommy Andrade's Job has been set to 9. by Tommy Andrade
[2016/1/31 - 2:8:51]    Tommy Andrade's Job has been set to 1. by Tommy Andrade
[2016/1/31 - 2:8:54]    Tommy Andrade's Job has been set to 2. by Tommy Andrade
[2016/1/31 - 2:8:56]    Tommy Andrade's Job has been set to 3. by Tommy Andrade
[2016/1/31 - 2:8:58]    Tommy Andrade's Job has been set to 4. by Tommy Andrade
[2016/1/31 - 2:9:1]    Tommy Andrade's Job has been set to 5. by Tommy Andrade
[2016/1/31 - 2:9:2]    Tommy Andrade's Job has been set to 6. by Tommy Andrade
[2016/1/31 - 2:9:5]    Tommy Andrade's Job has been set to 7. by Tommy Andrade
[2016/1/31 - 2:9:8]    Tommy Andrade's Job has been set to 9. by Tommy Andrade
[2016/1/31 - 2:9:10]    Tommy Andrade's Job has been set to 10. by Tommy Andrade
[2016/1/31 - 2:9:12]    Tommy Andrade's Job has been set to 11. by Tommy Andrade
[2016/1/31 - 2:9:14]    Tommy Andrade's Job has been set to 12. by Tommy Andrade
[2016/1/31 - 2:9:15]    Tommy Andrade's Job has been set to 11. by Tommy Andrade
[2016/1/31 - 2:9:16]    Tommy Andrade's Job has been set to 12. by Tommy Andrade
[2016/1/31 - 2:9:20]    Tommy Andrade's Job has been set to 13. by Tommy Andrade
[2016/1/31 - 2:9:26]    Tommy Andrade's Job has been set to 14. by Tommy Andrade
[2016/1/31 - 2:9:29]    Tommy Andrade's Job has been set to 15. by Tommy Andrade
[2016/1/31 - 2:9:31]    Tommy Andrade's Job has been set to 16. by Tommy Andrade
[2016/1/31 - 2:9:33]    Tommy Andrade's Job has been set to 17. by Tommy Andrade
[2016/1/31 - 2:9:36]    Tommy Andrade's Job has been set to 18. by Tommy Andrade
[2016/1/31 - 2:9:39]    Tommy Andrade's Job has been set to 19. by Tommy Andrade
[2016/1/31 - 5:6:11]    VCBus2's Level has been set to 3. by Tony Harris
[2016/1/31 - 5:6:16]    Andrew Jonathon's Level has been set to 3. by Tony Harris
[2016/1/31 - 5:6:42]    Andrew Jonathon's Level has been set to 1. by Tony Harris
[2016/1/31 - 7:6:5]    Tommy Andrade's Level has been set to 1. by Tommy Andrade
[2016/1/31 - 7:39:18] Eddie Scarpa has given Eddie Scarpa $50000 (/givemoney)
[2016/1/31 - 14:58:50] Tommy Andrade has set Lorenzo Jondetti's Reward Points to 186.
[2016/2/1 - 4:13:38]    Adam Crews's Respect Points have been set to 1. by Adam Crews
[2016/2/1 - 4:13:45]    Adam Crews's Respect Points have been set to 8. by Adam Crews
[2016/2/1 - 4:14:5]    Adam Crews's hours has been set to 8. by Adam Crews
[2016/2/1 - 10:44:2] Jeffrey Smith changed "Synco Smith"s name to "relog.."
[2016/2/2 - 12:25:33] Jeffrey Smith has given Synco Smith $1000 (/givemoney)
[2016/2/11 - 14:18:21] Mike Andrade changed "Alziee "s name to "Alana_Still" for free (non-RP name).
[2016/2/14 - 15:26:26] Tommy Andrade has set Tommy Andrade's Reward Points to 500.
[2016/2/14 - 18:15:53]    Tommy Andrade's Sex has been set to 2. by Tommy Andrade
[2016/2/14 - 18:29:37]    Tommy Andrade's Sex has been set to 1. by Tommy Andrade
[2016/2/15 - 19:35:3] Tommy Andrade has set Tommy Andrade's Reward Points to 50.
[2016/2/17 - 13:54:26] Tommy Andrade changed "Patrick Mercanti"s name to "Benjamin_Costa" for free (non-RP name).
[2016/2/17 - 16:36:21] Tommy Andrade has set Tommy Andrade's to $500000 (/setmoney)
[2016/2/17 - 16:45:54] Tommy Andrade has set Trayvon Monclair's Reward Points to 100.
[2016/2/17 - 21:21:17] Tommy Andrade has set Tommy Andrade's Reward Points to 1000.
[2016/2/17 - 23:35:46] Tommy Andrade has set Aleks Grand's Reward Points to 100.
[2016/2/17 - 23:42:39] Tommy Andrade has given Aleks Grand $250000 (/givemoney)
[2016/2/18 - 0:16:55] Tommy Andrade has given Aleks Grand $300000 (/givemoney)
[2016/2/18 - 18:16:9] Tommy Andrade changed "Nahman Jayden16"s name to "Nahman_Jayden" for free (non-RP name).
[2016/2/19 - 14:53:48]    Jacob Jones's Level has been set to 3. by Tommy Andrade
[2016/2/20 - 5:51:41] Tommy Andrade changed "TaReK TaLhI"s name to "Tarek_Talhi" for free (non-RP name).
[2016/2/20 - 5:52:13] Tommy Andrade changed "TaReK TaLhI"s name to "Tarek_Talhi"
[2016/2/20 - 15:59:42] Tommy Andrade changed "Jeder Liebt"s name to "Kevin_Costa" for free (non-RP name).
[2016/2/20 - 17:39:5] Jeffrey Smith has given Reggie Monclair $10000 (/givemoney)
[2016/2/20 - 17:39:10] Jeffrey Smith changed "Reggie Monclair"s name to "Reggie"
[2016/2/20 - 18:54:9] Jeffrey Smith changed "John smith"s name to "John_Smith"
[2016/2/20 - 18:55:41] Jeffrey Smith changed "John smith"s name to "John_Smith" for free (non-RP name).
[2016/2/21 - 7:32:30] Reggie has given Reggie $10000 (/givemoney)
[2016/2/21 - 7:39:4] Jeffrey Smith changed "Andrew Jonathon"s name to "Andrew"
[2016/2/21 - 8:17:47] Reggie has given Reggie $200000 (/givemoney)
[2016/2/21 - 16:8:27] Tommy Andrade has given Dante Alvades $50000 (/givemoney)
[2016/2/21 - 16:8:31] Tommy Andrade has set Dante Alvades's Reward Points to 100.
[2016/2/21 - 19:58:41] Tommy Andrade has given Tommy Andrade $100000 (/givemoney)
[2016/2/21 - 20:0:15]    Tommy Andrade's Sex has been set to 2. by Tommy Andrade
[2016/2/21 - 20:4:43]    Tommy Andrade's Sex has been set to 1. by Tommy Andrade
[2016/2/21 - 21:58:10] Tommy Andrade has set Tommy Andrade's Reward Points to 5000.
[2016/2/22 - 8:6:34] Tommy Andrade has set Benjamin Costa's Reward Points to 0.
[2016/2/22 - 12:43:31] Reggie has given Reggie $80000 (/givemoney)
[2016/2/22 - 20:48:22] Tommy Andrade changed "Vagina Givng Birth"s name to "Dylan_Jeter" for free (non-RP name).
[2016/2/22 - 20:58:32] Tommy Andrade has set Tommy Andrade's Reward Points to 1000.
[2016/2/22 - 20:59:26] Tommy Andrade has set Benjamin Costa's Reward Points to 800.
[2016/2/23 - 5:22:57] Reggie has given Reggie $3000 (/givemoney)
[2016/2/23 - 5:23:6] Reggie has given Reggie $27000 (/givemoney)
[2016/2/25 - 15:36:34] Tommy Andrade has set Lorenzo Carter's to $10000 (/setmoney)
[2016/2/25 - 15:37:42]    Lorenzo Carter's Bank Account has been set to $0. by Tommy Andrade
[2016/2/25 - 15:37:47]    Lorenzo Carter's Bank Account has been set to $5000. by Tommy Andrade
[2016/2/25 - 15:52:54] Jeffrey Smith changed "Lorenzo Carter"s name to "Carter"
[2016/2/25 - 16:25:59] Reggie has given Carter $50000 (/givemoney)
[2016/2/26 - 13:58:53] Carter changed "Dante Alvades"s name to "Ramzan_Usalayev" for free (non-RP name).
[2016/3/2 - 11:1:12] Reggie has given Reggie $3000 (/givemoney)
[2016/3/7 - 12:42:49] Tommy Andrade has set Tommy Andrade's to $5000000 (/setmoney)
[2016/3/7 - 12:48:41] Tommy Andrade has set Ashley Smith's to $5000000 (/setmoney)
[2016/3/7 - 12:48:45] Tommy Andrade has set Tommy Andrade's to $5000000 (/setmoney)
[2016/3/7 - 12:53:51] Tommy Andrade has set Tommy Andrade's to $5000000 (/setmoney)
[2016/3/7 - 12:57:24] Tommy Andrade has set Ashley Smith's to $5000000 (/setmoney)
[2016/3/7 - 12:57:27] Tommy Andrade has set Tommy Andrade's to $5000000 (/setmoney)
[2016/3/7 - 13:2:28] Tommy Andrade has set Tommy Andrade's to $5000000 (/setmoney)
[2016/3/7 - 13:8:37] Tommy Andrade has set Tommy Andrade's to $500000 (/setmoney)
[2016/3/7 - 13:19:12] Tommy Andrade has set Tommy Andrade's to $500000 (/setmoney)
[2016/3/7 - 13:23:26] Tommy Andrade has set Tommy Andrade's to $500000 (/setmoney)
[2016/3/7 - 13:28:15] Tommy Andrade has set Tommy Andrade's to $500000 (/setmoney)
[2016/3/13 - 18:27:11] Tommy Andrade has set Tommy Andrade's to $50000 (/setmoney)
